   0  $accept : doc $end

   1  doc : book

   2  book : TAG_OPEN BOOK edition TAG_CLOSE content CLOSE_TAG_OPEN BOOK TAG_CLOSE

   3  edition :
   4          | EDITION ATT_SEPARATOR VALUE

   5  content : dedication preface parts author_notes
   6          | preface parts author_notes

   7  dedication : TAG_OPEN DEDICATION TAG_CLOSE pcdata CLOSE_TAG_OPEN DEDICATION TAG_CLOSE

   8  pcdata : CONTENT

   9  preface : TAG_OPEN PREFACE TAG_CLOSE pcdata CLOSE_TAG_OPEN PREFACE TAG_CLOSE

  10  parts : part
  11        | parts part

  12  part : TAG_OPEN PART id title TAG_CLOSE part_cont CLOSE_TAG_OPEN PART TAG_CLOSE
  13       | TAG_OPEN PART id TAG_CLOSE part_cont CLOSE_TAG_OPEN PART TAG_CLOSE

  14  part_cont : toc chapters lof_lot

  15  lof_lot :
  16          | lof lot
  17          | lot
  18          | lof

  19  id : ID ATT_SEPARATOR VALUE

  20  title : TITLE ATT_SEPARATOR VALUE

  21  toc : TAG_OPEN TOC TAG_CLOSE items CLOSE_TAG_OPEN TOC TAG_CLOSE

  22  items : item
  23        | items item

  24  item : TAG_OPEN ITEM id_ref TAG_CLOSE pcdata CLOSE_TAG_OPEN ITEM TAG_CLOSE

  25  id_ref : ID ATT_SEPARATOR VALUE

  26  chapters : chapter
  27           | chapters chapter

  28  chapter : TAG_OPEN CHAPTER id title TAG_CLOSE sections CLOSE_TAG_OPEN CHAPTER TAG_CLOSE

  29  sections : section
  30           | sections section

  31  section : TAG_OPEN SECTION id title TAG_CLOSE section_content CLOSE_TAG_OPEN SECTION TAG_CLOSE

  32  section_content : section_content pcdata
  33                  | section_content section
  34                  | section_content figure
  35                  | section_content table
  36                  | pcdata
  37                  | section
  38                  | figure
  39                  | table

  40  figure : TAG_OPEN FIGURE id caption path CLOSE_TAG_CLOSE

  41  caption : CAPTION ATT_SEPARATOR VALUE

  42  path : PATH ATT_SEPARATOR VALUE

  43  table : TAG_OPEN TABLE id caption TAG_CLOSE rows CLOSE_TAG_OPEN TABLE TAG_CLOSE

  44  rows : row
  45       | rows row

  46  row : TAG_OPEN ROW TAG_CLOSE cells CLOSE_TAG_OPEN ROW TAG_CLOSE

  47  cells : cell
  48        | cells cell

  49  cell : TAG_OPEN CELL TAG_CLOSE pcdata CLOSE_TAG_OPEN CELL TAG_CLOSE

  50  lof : TAG_OPEN LOF TAG_CLOSE items CLOSE_TAG_OPEN LOF TAG_CLOSE

  51  lot : TAG_OPEN LOT TAG_CLOSE items CLOSE_TAG_OPEN LOT TAG_CLOSE

  52  author_notes :
  53               | TAG_OPEN AUTHOR_NOTES TAG_CLOSE notes CLOSE_TAG_OPEN AUTHOR_NOTES TAG_CLOSE

  54  notes : note
  55        | notes note

  56  note : TAG_OPEN NOTE TAG_CLOSE pcdata CLOSE_TAG_OPEN NOTE TAG_CLOSE

state 0
	$accept : . doc $end  (0)

	TAG_OPEN  shift 1
	.  error

	doc  goto 2
	book  goto 3


state 1
	book : TAG_OPEN . BOOK edition TAG_CLOSE content CLOSE_TAG_OPEN BOOK TAG_CLOSE  (2)

	BOOK  shift 4
	.  error


state 2
	$accept : doc . $end  (0)

	$end  accept


state 3
	doc : book .  (1)

	.  reduce 1


state 4
	book : TAG_OPEN BOOK . edition TAG_CLOSE content CLOSE_TAG_OPEN BOOK TAG_CLOSE  (2)
	edition : .  (3)

	EDITION  shift 5
	TAG_CLOSE  reduce 3

	edition  goto 6


state 5
	edition : EDITION . ATT_SEPARATOR VALUE  (4)

	ATT_SEPARATOR  shift 7
	.  error


state 6
	book : TAG_OPEN BOOK edition . TAG_CLOSE content CLOSE_TAG_OPEN BOOK TAG_CLOSE  (2)

	TAG_CLOSE  shift 8
	.  error


state 7
	edition : EDITION ATT_SEPARATOR . VALUE  (4)

	VALUE  shift 9
	.  error


state 8
	book : TAG_OPEN BOOK edition TAG_CLOSE . content CLOSE_TAG_OPEN BOOK TAG_CLOSE  (2)

	TAG_OPEN  shift 10
	.  error

	content  goto 11
	dedication  goto 12
	preface  goto 13


state 9
	edition : EDITION ATT_SEPARATOR VALUE .  (4)

	.  reduce 4


state 10
	dedication : TAG_OPEN . DEDICATION TAG_CLOSE pcdata CLOSE_TAG_OPEN DEDICATION TAG_CLOSE  (7)
	preface : TAG_OPEN . PREFACE TAG_CLOSE pcdata CLOSE_TAG_OPEN PREFACE TAG_CLOSE  (9)

	DEDICATION  shift 14
	PREFACE  shift 15
	.  error


state 11
	book : TAG_OPEN BOOK edition TAG_CLOSE content . CLOSE_TAG_OPEN BOOK TAG_CLOSE  (2)

	CLOSE_TAG_OPEN  shift 16
	.  error


state 12
	content : dedication . preface parts author_notes  (5)

	TAG_OPEN  shift 17
	.  error

	preface  goto 18


state 13
	content : preface . parts author_notes  (6)

	TAG_OPEN  shift 19
	.  error

	part  goto 20
	parts  goto 21


state 14
	dedication : TAG_OPEN DEDICATION . TAG_CLOSE pcdata CLOSE_TAG_OPEN DEDICATION TAG_CLOSE  (7)

	TAG_CLOSE  shift 22
	.  error


state 15
	preface : TAG_OPEN PREFACE . TAG_CLOSE pcdata CLOSE_TAG_OPEN PREFACE TAG_CLOSE  (9)

	TAG_CLOSE  shift 23
	.  error


state 16
	book : TAG_OPEN BOOK edition TAG_CLOSE content CLOSE_TAG_OPEN . BOOK TAG_CLOSE  (2)

	BOOK  shift 24
	.  error


state 17
	preface : TAG_OPEN . PREFACE TAG_CLOSE pcdata CLOSE_TAG_OPEN PREFACE TAG_CLOSE  (9)

	PREFACE  shift 15
	.  error


state 18
	content : dedication preface . parts author_notes  (5)

	TAG_OPEN  shift 19
	.  error

	part  goto 20
	parts  goto 25


state 19
	part : TAG_OPEN . PART id title TAG_CLOSE part_cont CLOSE_TAG_OPEN PART TAG_CLOSE  (12)
	part : TAG_OPEN . PART id TAG_CLOSE part_cont CLOSE_TAG_OPEN PART TAG_CLOSE  (13)

	PART  shift 26
	.  error


state 20
	parts : part .  (10)

	.  reduce 10


state 21
	content : preface parts . author_notes  (6)
	parts : parts . part  (11)
	author_notes : .  (52)

	TAG_OPEN  shift 27
	CLOSE_TAG_OPEN  reduce 52

	part  goto 28
	author_notes  goto 29


state 22
	dedication : TAG_OPEN DEDICATION TAG_CLOSE . pcdata CLOSE_TAG_OPEN DEDICATION TAG_CLOSE  (7)

	CONTENT  shift 30
	.  error

	pcdata  goto 31


state 23
	preface : TAG_OPEN PREFACE TAG_CLOSE . pcdata CLOSE_TAG_OPEN PREFACE TAG_CLOSE  (9)

	CONTENT  shift 30
	.  error

	pcdata  goto 32


state 24
	book : TAG_OPEN BOOK edition TAG_CLOSE content CLOSE_TAG_OPEN BOOK . TAG_CLOSE  (2)

	TAG_CLOSE  shift 33
	.  error


state 25
	content : dedication preface parts . author_notes  (5)
	parts : parts . part  (11)
	author_notes : .  (52)

	TAG_OPEN  shift 27
	CLOSE_TAG_OPEN  reduce 52

	part  goto 28
	author_notes  goto 34


state 26
	part : TAG_OPEN PART . id title TAG_CLOSE part_cont CLOSE_TAG_OPEN PART TAG_CLOSE  (12)
	part : TAG_OPEN PART . id TAG_CLOSE part_cont CLOSE_TAG_OPEN PART TAG_CLOSE  (13)

	ID  shift 35
	.  error

	id  goto 36


state 27
	part : TAG_OPEN . PART id title TAG_CLOSE part_cont CLOSE_TAG_OPEN PART TAG_CLOSE  (12)
	part : TAG_OPEN . PART id TAG_CLOSE part_cont CLOSE_TAG_OPEN PART TAG_CLOSE  (13)
	author_notes : TAG_OPEN . AUTHOR_NOTES TAG_CLOSE notes CLOSE_TAG_OPEN AUTHOR_NOTES TAG_CLOSE  (53)

	PART  shift 26
	AUTHOR_NOTES  shift 37
	.  error


state 28
	parts : parts part .  (11)

	.  reduce 11


state 29
	content : preface parts author_notes .  (6)

	.  reduce 6


state 30
	pcdata : CONTENT .  (8)

	.  reduce 8


state 31
	dedication : TAG_OPEN DEDICATION TAG_CLOSE pcdata . CLOSE_TAG_OPEN DEDICATION TAG_CLOSE  (7)

	CLOSE_TAG_OPEN  shift 38
	.  error


state 32
	preface : TAG_OPEN PREFACE TAG_CLOSE pcdata . CLOSE_TAG_OPEN PREFACE TAG_CLOSE  (9)

	CLOSE_TAG_OPEN  shift 39
	.  error


state 33
	book : TAG_OPEN BOOK edition TAG_CLOSE content CLOSE_TAG_OPEN BOOK TAG_CLOSE .  (2)

	.  reduce 2


state 34
	content : dedication preface parts author_notes .  (5)

	.  reduce 5


state 35
	id : ID . ATT_SEPARATOR VALUE  (19)

	ATT_SEPARATOR  shift 40
	.  error


state 36
	part : TAG_OPEN PART id . title TAG_CLOSE part_cont CLOSE_TAG_OPEN PART TAG_CLOSE  (12)
	part : TAG_OPEN PART id . TAG_CLOSE part_cont CLOSE_TAG_OPEN PART TAG_CLOSE  (13)

	TITLE  shift 41
	TAG_CLOSE  shift 42
	.  error

	title  goto 43


state 37
	author_notes : TAG_OPEN AUTHOR_NOTES . TAG_CLOSE notes CLOSE_TAG_OPEN AUTHOR_NOTES TAG_CLOSE  (53)

	TAG_CLOSE  shift 44
	.  error


state 38
	dedication : TAG_OPEN DEDICATION TAG_CLOSE pcdata CLOSE_TAG_OPEN . DEDICATION TAG_CLOSE  (7)

	DEDICATION  shift 45
	.  error


state 39
	preface : TAG_OPEN PREFACE TAG_CLOSE pcdata CLOSE_TAG_OPEN . PREFACE TAG_CLOSE  (9)

	PREFACE  shift 46
	.  error


state 40
	id : ID ATT_SEPARATOR . VALUE  (19)

	VALUE  shift 47
	.  error


state 41
	title : TITLE . ATT_SEPARATOR VALUE  (20)

	ATT_SEPARATOR  shift 48
	.  error


state 42
	part : TAG_OPEN PART id TAG_CLOSE . part_cont CLOSE_TAG_OPEN PART TAG_CLOSE  (13)

	TAG_OPEN  shift 49
	.  error

	toc  goto 50
	part_cont  goto 51


state 43
	part : TAG_OPEN PART id title . TAG_CLOSE part_cont CLOSE_TAG_OPEN PART TAG_CLOSE  (12)

	TAG_CLOSE  shift 52
	.  error


state 44
	author_notes : TAG_OPEN AUTHOR_NOTES TAG_CLOSE . notes CLOSE_TAG_OPEN AUTHOR_NOTES TAG_CLOSE  (53)

	TAG_OPEN  shift 53
	.  error

	note  goto 54
	notes  goto 55


state 45
	dedication : TAG_OPEN DEDICATION TAG_CLOSE pcdata CLOSE_TAG_OPEN DEDICATION . TAG_CLOSE  (7)

	TAG_CLOSE  shift 56
	.  error


state 46
	preface : TAG_OPEN PREFACE TAG_CLOSE pcdata CLOSE_TAG_OPEN PREFACE . TAG_CLOSE  (9)

	TAG_CLOSE  shift 57
	.  error


state 47
	id : ID ATT_SEPARATOR VALUE .  (19)

	.  reduce 19


state 48
	title : TITLE ATT_SEPARATOR . VALUE  (20)

	VALUE  shift 58
	.  error


state 49
	toc : TAG_OPEN . TOC TAG_CLOSE items CLOSE_TAG_OPEN TOC TAG_CLOSE  (21)

	TOC  shift 59
	.  error


state 50
	part_cont : toc . chapters lof_lot  (14)

	TAG_OPEN  shift 60
	.  error

	chapter  goto 61
	chapters  goto 62


state 51
	part : TAG_OPEN PART id TAG_CLOSE part_cont . CLOSE_TAG_OPEN PART TAG_CLOSE  (13)

	CLOSE_TAG_OPEN  shift 63
	.  error


state 52
	part : TAG_OPEN PART id title TAG_CLOSE . part_cont CLOSE_TAG_OPEN PART TAG_CLOSE  (12)

	TAG_OPEN  shift 49
	.  error

	toc  goto 50
	part_cont  goto 64


state 53
	note : TAG_OPEN . NOTE TAG_CLOSE pcdata CLOSE_TAG_OPEN NOTE TAG_CLOSE  (56)

	NOTE  shift 65
	.  error


state 54
	notes : note .  (54)

	.  reduce 54


state 55
	author_notes : TAG_OPEN AUTHOR_NOTES TAG_CLOSE notes . CLOSE_TAG_OPEN AUTHOR_NOTES TAG_CLOSE  (53)
	notes : notes . note  (55)

	TAG_OPEN  shift 53
	CLOSE_TAG_OPEN  shift 66
	.  error

	note  goto 67


state 56
	dedication : TAG_OPEN DEDICATION TAG_CLOSE pcdata CLOSE_TAG_OPEN DEDICATION TAG_CLOSE .  (7)

	.  reduce 7


state 57
	preface : TAG_OPEN PREFACE TAG_CLOSE pcdata CLOSE_TAG_OPEN PREFACE TAG_CLOSE .  (9)

	.  reduce 9


state 58
	title : TITLE ATT_SEPARATOR VALUE .  (20)

	.  reduce 20


state 59
	toc : TAG_OPEN TOC . TAG_CLOSE items CLOSE_TAG_OPEN TOC TAG_CLOSE  (21)

	TAG_CLOSE  shift 68
	.  error


state 60
	chapter : TAG_OPEN . CHAPTER id title TAG_CLOSE sections CLOSE_TAG_OPEN CHAPTER TAG_CLOSE  (28)

	CHAPTER  shift 69
	.  error


state 61
	chapters : chapter .  (26)

	.  reduce 26


state 62
	part_cont : toc chapters . lof_lot  (14)
	chapters : chapters . chapter  (27)
	lof_lot : .  (15)

	TAG_OPEN  shift 70
	CLOSE_TAG_OPEN  reduce 15

	chapter  goto 71
	lof  goto 72
	lot  goto 73
	lof_lot  goto 74


state 63
	part : TAG_OPEN PART id TAG_CLOSE part_cont CLOSE_TAG_OPEN . PART TAG_CLOSE  (13)

	PART  shift 75
	.  error


state 64
	part : TAG_OPEN PART id title TAG_CLOSE part_cont . CLOSE_TAG_OPEN PART TAG_CLOSE  (12)

	CLOSE_TAG_OPEN  shift 76
	.  error


state 65
	note : TAG_OPEN NOTE . TAG_CLOSE pcdata CLOSE_TAG_OPEN NOTE TAG_CLOSE  (56)

	TAG_CLOSE  shift 77
	.  error


state 66
	author_notes : TAG_OPEN AUTHOR_NOTES TAG_CLOSE notes CLOSE_TAG_OPEN . AUTHOR_NOTES TAG_CLOSE  (53)

	AUTHOR_NOTES  shift 78
	.  error


state 67
	notes : notes note .  (55)

	.  reduce 55


state 68
	toc : TAG_OPEN TOC TAG_CLOSE . items CLOSE_TAG_OPEN TOC TAG_CLOSE  (21)

	TAG_OPEN  shift 79
	.  error

	item  goto 80
	items  goto 81


state 69
	chapter : TAG_OPEN CHAPTER . id title TAG_CLOSE sections CLOSE_TAG_OPEN CHAPTER TAG_CLOSE  (28)

	ID  shift 35
	.  error

	id  goto 82


state 70
	chapter : TAG_OPEN . CHAPTER id title TAG_CLOSE sections CLOSE_TAG_OPEN CHAPTER TAG_CLOSE  (28)
	lof : TAG_OPEN . LOF TAG_CLOSE items CLOSE_TAG_OPEN LOF TAG_CLOSE  (50)
	lot : TAG_OPEN . LOT TAG_CLOSE items CLOSE_TAG_OPEN LOT TAG_CLOSE  (51)

	LOF  shift 83
	LOT  shift 84
	CHAPTER  shift 69
	.  error


state 71
	chapters : chapters chapter .  (27)

	.  reduce 27


state 72
	lof_lot : lof . lot  (16)
	lof_lot : lof .  (18)

	TAG_OPEN  shift 85
	CLOSE_TAG_OPEN  reduce 18

	lot  goto 86


state 73
	lof_lot : lot .  (17)

	.  reduce 17


state 74
	part_cont : toc chapters lof_lot .  (14)

	.  reduce 14


state 75
	part : TAG_OPEN PART id TAG_CLOSE part_cont CLOSE_TAG_OPEN PART . TAG_CLOSE  (13)

	TAG_CLOSE  shift 87
	.  error


state 76
	part : TAG_OPEN PART id title TAG_CLOSE part_cont CLOSE_TAG_OPEN . PART TAG_CLOSE  (12)

	PART  shift 88
	.  error


state 77
	note : TAG_OPEN NOTE TAG_CLOSE . pcdata CLOSE_TAG_OPEN NOTE TAG_CLOSE  (56)

	CONTENT  shift 30
	.  error

	pcdata  goto 89


state 78
	author_notes : TAG_OPEN AUTHOR_NOTES TAG_CLOSE notes CLOSE_TAG_OPEN AUTHOR_NOTES . TAG_CLOSE  (53)

	TAG_CLOSE  shift 90
	.  error


state 79
	item : TAG_OPEN . ITEM id_ref TAG_CLOSE pcdata CLOSE_TAG_OPEN ITEM TAG_CLOSE  (24)

	ITEM  shift 91
	.  error


state 80
	items : item .  (22)

	.  reduce 22


state 81
	toc : TAG_OPEN TOC TAG_CLOSE items . CLOSE_TAG_OPEN TOC TAG_CLOSE  (21)
	items : items . item  (23)

	TAG_OPEN  shift 79
	CLOSE_TAG_OPEN  shift 92
	.  error

	item  goto 93


state 82
	chapter : TAG_OPEN CHAPTER id . title TAG_CLOSE sections CLOSE_TAG_OPEN CHAPTER TAG_CLOSE  (28)

	TITLE  shift 41
	.  error

	title  goto 94


state 83
	lof : TAG_OPEN LOF . TAG_CLOSE items CLOSE_TAG_OPEN LOF TAG_CLOSE  (50)

	TAG_CLOSE  shift 95
	.  error


state 84
	lot : TAG_OPEN LOT . TAG_CLOSE items CLOSE_TAG_OPEN LOT TAG_CLOSE  (51)

	TAG_CLOSE  shift 96
	.  error


state 85
	lot : TAG_OPEN . LOT TAG_CLOSE items CLOSE_TAG_OPEN LOT TAG_CLOSE  (51)

	LOT  shift 84
	.  error


state 86
	lof_lot : lof lot .  (16)

	.  reduce 16


state 87
	part : TAG_OPEN PART id TAG_CLOSE part_cont CLOSE_TAG_OPEN PART TAG_CLOSE .  (13)

	.  reduce 13


state 88
	part : TAG_OPEN PART id title TAG_CLOSE part_cont CLOSE_TAG_OPEN PART . TAG_CLOSE  (12)

	TAG_CLOSE  shift 97
	.  error


state 89
	note : TAG_OPEN NOTE TAG_CLOSE pcdata . CLOSE_TAG_OPEN NOTE TAG_CLOSE  (56)

	CLOSE_TAG_OPEN  shift 98
	.  error


state 90
	author_notes : TAG_OPEN AUTHOR_NOTES TAG_CLOSE notes CLOSE_TAG_OPEN AUTHOR_NOTES TAG_CLOSE .  (53)

	.  reduce 53


state 91
	item : TAG_OPEN ITEM . id_ref TAG_CLOSE pcdata CLOSE_TAG_OPEN ITEM TAG_CLOSE  (24)

	ID  shift 99
	.  error

	id_ref  goto 100


state 92
	toc : TAG_OPEN TOC TAG_CLOSE items CLOSE_TAG_OPEN . TOC TAG_CLOSE  (21)

	TOC  shift 101
	.  error


state 93
	items : items item .  (23)

	.  reduce 23


state 94
	chapter : TAG_OPEN CHAPTER id title . TAG_CLOSE sections CLOSE_TAG_OPEN CHAPTER TAG_CLOSE  (28)

	TAG_CLOSE  shift 102
	.  error


state 95
	lof : TAG_OPEN LOF TAG_CLOSE . items CLOSE_TAG_OPEN LOF TAG_CLOSE  (50)

	TAG_OPEN  shift 79
	.  error

	item  goto 80
	items  goto 103


state 96
	lot : TAG_OPEN LOT TAG_CLOSE . items CLOSE_TAG_OPEN LOT TAG_CLOSE  (51)

	TAG_OPEN  shift 79
	.  error

	item  goto 80
	items  goto 104


state 97
	part : TAG_OPEN PART id title TAG_CLOSE part_cont CLOSE_TAG_OPEN PART TAG_CLOSE .  (12)

	.  reduce 12


state 98
	note : TAG_OPEN NOTE TAG_CLOSE pcdata CLOSE_TAG_OPEN . NOTE TAG_CLOSE  (56)

	NOTE  shift 105
	.  error


state 99
	id_ref : ID . ATT_SEPARATOR VALUE  (25)

	ATT_SEPARATOR  shift 106
	.  error


state 100
	item : TAG_OPEN ITEM id_ref . TAG_CLOSE pcdata CLOSE_TAG_OPEN ITEM TAG_CLOSE  (24)

	TAG_CLOSE  shift 107
	.  error


state 101
	toc : TAG_OPEN TOC TAG_CLOSE items CLOSE_TAG_OPEN TOC . TAG_CLOSE  (21)

	TAG_CLOSE  shift 108
	.  error


state 102
	chapter : TAG_OPEN CHAPTER id title TAG_CLOSE . sections CLOSE_TAG_OPEN CHAPTER TAG_CLOSE  (28)

	TAG_OPEN  shift 109
	.  error

	section  goto 110
	sections  goto 111


state 103
	items : items . item  (23)
	lof : TAG_OPEN LOF TAG_CLOSE items . CLOSE_TAG_OPEN LOF TAG_CLOSE  (50)

	TAG_OPEN  shift 79
	CLOSE_TAG_OPEN  shift 112
	.  error

	item  goto 93


state 104
	items : items . item  (23)
	lot : TAG_OPEN LOT TAG_CLOSE items . CLOSE_TAG_OPEN LOT TAG_CLOSE  (51)

	TAG_OPEN  shift 79
	CLOSE_TAG_OPEN  shift 113
	.  error

	item  goto 93


state 105
	note : TAG_OPEN NOTE TAG_CLOSE pcdata CLOSE_TAG_OPEN NOTE . TAG_CLOSE  (56)

	TAG_CLOSE  shift 114
	.  error


state 106
	id_ref : ID ATT_SEPARATOR . VALUE  (25)

	VALUE  shift 115
	.  error


state 107
	item : TAG_OPEN ITEM id_ref TAG_CLOSE . pcdata CLOSE_TAG_OPEN ITEM TAG_CLOSE  (24)

	CONTENT  shift 30
	.  error

	pcdata  goto 116


state 108
	toc : TAG_OPEN TOC TAG_CLOSE items CLOSE_TAG_OPEN TOC TAG_CLOSE .  (21)

	.  reduce 21


state 109
	section : TAG_OPEN . SECTION id title TAG_CLOSE section_content CLOSE_TAG_OPEN SECTION TAG_CLOSE  (31)

	SECTION  shift 117
	.  error


state 110
	sections : section .  (29)

	.  reduce 29


state 111
	chapter : TAG_OPEN CHAPTER id title TAG_CLOSE sections . CLOSE_TAG_OPEN CHAPTER TAG_CLOSE  (28)
	sections : sections . section  (30)

	TAG_OPEN  shift 109
	CLOSE_TAG_OPEN  shift 118
	.  error

	section  goto 119


state 112
	lof : TAG_OPEN LOF TAG_CLOSE items CLOSE_TAG_OPEN . LOF TAG_CLOSE  (50)

	LOF  shift 120
	.  error


state 113
	lot : TAG_OPEN LOT TAG_CLOSE items CLOSE_TAG_OPEN . LOT TAG_CLOSE  (51)

	LOT  shift 121
	.  error


state 114
	note : TAG_OPEN NOTE TAG_CLOSE pcdata CLOSE_TAG_OPEN NOTE TAG_CLOSE .  (56)

	.  reduce 56


state 115
	id_ref : ID ATT_SEPARATOR VALUE .  (25)

	.  reduce 25


state 116
	item : TAG_OPEN ITEM id_ref TAG_CLOSE pcdata . CLOSE_TAG_OPEN ITEM TAG_CLOSE  (24)

	CLOSE_TAG_OPEN  shift 122
	.  error


state 117
	section : TAG_OPEN SECTION . id title TAG_CLOSE section_content CLOSE_TAG_OPEN SECTION TAG_CLOSE  (31)

	ID  shift 35
	.  error

	id  goto 123


state 118
	chapter : TAG_OPEN CHAPTER id title TAG_CLOSE sections CLOSE_TAG_OPEN . CHAPTER TAG_CLOSE  (28)

	CHAPTER  shift 124
	.  error


state 119
	sections : sections section .  (30)

	.  reduce 30


state 120
	lof : TAG_OPEN LOF TAG_CLOSE items CLOSE_TAG_OPEN LOF . TAG_CLOSE  (50)

	TAG_CLOSE  shift 125
	.  error


state 121
	lot : TAG_OPEN LOT TAG_CLOSE items CLOSE_TAG_OPEN LOT . TAG_CLOSE  (51)

	TAG_CLOSE  shift 126
	.  error


state 122
	item : TAG_OPEN ITEM id_ref TAG_CLOSE pcdata CLOSE_TAG_OPEN . ITEM TAG_CLOSE  (24)

	ITEM  shift 127
	.  error


state 123
	section : TAG_OPEN SECTION id . title TAG_CLOSE section_content CLOSE_TAG_OPEN SECTION TAG_CLOSE  (31)

	TITLE  shift 41
	.  error

	title  goto 128


state 124
	chapter : TAG_OPEN CHAPTER id title TAG_CLOSE sections CLOSE_TAG_OPEN CHAPTER . TAG_CLOSE  (28)

	TAG_CLOSE  shift 129
	.  error


state 125
	lof : TAG_OPEN LOF TAG_CLOSE items CLOSE_TAG_OPEN LOF TAG_CLOSE .  (50)

	.  reduce 50


state 126
	lot : TAG_OPEN LOT TAG_CLOSE items CLOSE_TAG_OPEN LOT TAG_CLOSE .  (51)

	.  reduce 51


state 127
	item : TAG_OPEN ITEM id_ref TAG_CLOSE pcdata CLOSE_TAG_OPEN ITEM . TAG_CLOSE  (24)

	TAG_CLOSE  shift 130
	.  error


state 128
	section : TAG_OPEN SECTION id title . TAG_CLOSE section_content CLOSE_TAG_OPEN SECTION TAG_CLOSE  (31)

	TAG_CLOSE  shift 131
	.  error


state 129
	chapter : TAG_OPEN CHAPTER id title TAG_CLOSE sections CLOSE_TAG_OPEN CHAPTER TAG_CLOSE .  (28)

	.  reduce 28


state 130
	item : TAG_OPEN ITEM id_ref TAG_CLOSE pcdata CLOSE_TAG_OPEN ITEM TAG_CLOSE .  (24)

	.  reduce 24


state 131
	section : TAG_OPEN SECTION id title TAG_CLOSE . section_content CLOSE_TAG_OPEN SECTION TAG_CLOSE  (31)

	TAG_OPEN  shift 132
	CONTENT  shift 30
	.  error

	section  goto 133
	section_content  goto 134
	figure  goto 135
	table  goto 136
	pcdata  goto 137


state 132
	section : TAG_OPEN . SECTION id title TAG_CLOSE section_content CLOSE_TAG_OPEN SECTION TAG_CLOSE  (31)
	figure : TAG_OPEN . FIGURE id caption path CLOSE_TAG_CLOSE  (40)
	table : TAG_OPEN . TABLE id caption TAG_CLOSE rows CLOSE_TAG_OPEN TABLE TAG_CLOSE  (43)

	SECTION  shift 117
	FIGURE  shift 138
	TABLE  shift 139
	.  error


state 133
	section_content : section .  (37)

	.  reduce 37


state 134
	section : TAG_OPEN SECTION id title TAG_CLOSE section_content . CLOSE_TAG_OPEN SECTION TAG_CLOSE  (31)
	section_content : section_content . pcdata  (32)
	section_content : section_content . section  (33)
	section_content : section_content . figure  (34)
	section_content : section_content . table  (35)

	TAG_OPEN  shift 132
	CLOSE_TAG_OPEN  shift 140
	CONTENT  shift 30
	.  error

	section  goto 141
	figure  goto 142
	table  goto 143
	pcdata  goto 144


state 135
	section_content : figure .  (38)

	.  reduce 38


state 136
	section_content : table .  (39)

	.  reduce 39


state 137
	section_content : pcdata .  (36)

	.  reduce 36


state 138
	figure : TAG_OPEN FIGURE . id caption path CLOSE_TAG_CLOSE  (40)

	ID  shift 35
	.  error

	id  goto 145


state 139
	table : TAG_OPEN TABLE . id caption TAG_CLOSE rows CLOSE_TAG_OPEN TABLE TAG_CLOSE  (43)

	ID  shift 35
	.  error

	id  goto 146


state 140
	section : TAG_OPEN SECTION id title TAG_CLOSE section_content CLOSE_TAG_OPEN . SECTION TAG_CLOSE  (31)

	SECTION  shift 147
	.  error


state 141
	section_content : section_content section .  (33)

	.  reduce 33


state 142
	section_content : section_content figure .  (34)

	.  reduce 34


state 143
	section_content : section_content table .  (35)

	.  reduce 35


state 144
	section_content : section_content pcdata .  (32)

	.  reduce 32


state 145
	figure : TAG_OPEN FIGURE id . caption path CLOSE_TAG_CLOSE  (40)

	CAPTION  shift 148
	.  error

	caption  goto 149


state 146
	table : TAG_OPEN TABLE id . caption TAG_CLOSE rows CLOSE_TAG_OPEN TABLE TAG_CLOSE  (43)

	CAPTION  shift 148
	.  error

	caption  goto 150


state 147
	section : TAG_OPEN SECTION id title TAG_CLOSE section_content CLOSE_TAG_OPEN SECTION . TAG_CLOSE  (31)

	TAG_CLOSE  shift 151
	.  error


state 148
	caption : CAPTION . ATT_SEPARATOR VALUE  (41)

	ATT_SEPARATOR  shift 152
	.  error


state 149
	figure : TAG_OPEN FIGURE id caption . path CLOSE_TAG_CLOSE  (40)

	PATH  shift 153
	.  error

	path  goto 154


state 150
	table : TAG_OPEN TABLE id caption . TAG_CLOSE rows CLOSE_TAG_OPEN TABLE TAG_CLOSE  (43)

	TAG_CLOSE  shift 155
	.  error


state 151
	section : TAG_OPEN SECTION id title TAG_CLOSE section_content CLOSE_TAG_OPEN SECTION TAG_CLOSE .  (31)

	.  reduce 31


state 152
	caption : CAPTION ATT_SEPARATOR . VALUE  (41)

	VALUE  shift 156
	.  error


state 153
	path : PATH . ATT_SEPARATOR VALUE  (42)

	ATT_SEPARATOR  shift 157
	.  error


state 154
	figure : TAG_OPEN FIGURE id caption path . CLOSE_TAG_CLOSE  (40)

	CLOSE_TAG_CLOSE  shift 158
	.  error


state 155
	table : TAG_OPEN TABLE id caption TAG_CLOSE . rows CLOSE_TAG_OPEN TABLE TAG_CLOSE  (43)

	TAG_OPEN  shift 159
	.  error

	row  goto 160
	rows  goto 161


state 156
	caption : CAPTION ATT_SEPARATOR VALUE .  (41)

	.  reduce 41


state 157
	path : PATH ATT_SEPARATOR . VALUE  (42)

	VALUE  shift 162
	.  error


state 158
	figure : TAG_OPEN FIGURE id caption path CLOSE_TAG_CLOSE .  (40)

	.  reduce 40


state 159
	row : TAG_OPEN . ROW TAG_CLOSE cells CLOSE_TAG_OPEN ROW TAG_CLOSE  (46)

	ROW  shift 163
	.  error


state 160
	rows : row .  (44)

	.  reduce 44


state 161
	table : TAG_OPEN TABLE id caption TAG_CLOSE rows . CLOSE_TAG_OPEN TABLE TAG_CLOSE  (43)
	rows : rows . row  (45)

	TAG_OPEN  shift 159
	CLOSE_TAG_OPEN  shift 164
	.  error

	row  goto 165


state 162
	path : PATH ATT_SEPARATOR VALUE .  (42)

	.  reduce 42


state 163
	row : TAG_OPEN ROW . TAG_CLOSE cells CLOSE_TAG_OPEN ROW TAG_CLOSE  (46)

	TAG_CLOSE  shift 166
	.  error


state 164
	table : TAG_OPEN TABLE id caption TAG_CLOSE rows CLOSE_TAG_OPEN . TABLE TAG_CLOSE  (43)

	TABLE  shift 167
	.  error


state 165
	rows : rows row .  (45)

	.  reduce 45


state 166
	row : TAG_OPEN ROW TAG_CLOSE . cells CLOSE_TAG_OPEN ROW TAG_CLOSE  (46)

	TAG_OPEN  shift 168
	.  error

	cell  goto 169
	cells  goto 170


state 167
	table : TAG_OPEN TABLE id caption TAG_CLOSE rows CLOSE_TAG_OPEN TABLE . TAG_CLOSE  (43)

	TAG_CLOSE  shift 171
	.  error


state 168
	cell : TAG_OPEN . CELL TAG_CLOSE pcdata CLOSE_TAG_OPEN CELL TAG_CLOSE  (49)

	CELL  shift 172
	.  error


state 169
	cells : cell .  (47)

	.  reduce 47


state 170
	row : TAG_OPEN ROW TAG_CLOSE cells . CLOSE_TAG_OPEN ROW TAG_CLOSE  (46)
	cells : cells . cell  (48)

	TAG_OPEN  shift 168
	CLOSE_TAG_OPEN  shift 173
	.  error

	cell  goto 174


state 171
	table : TAG_OPEN TABLE id caption TAG_CLOSE rows CLOSE_TAG_OPEN TABLE TAG_CLOSE .  (43)

	.  reduce 43


state 172
	cell : TAG_OPEN CELL . TAG_CLOSE pcdata CLOSE_TAG_OPEN CELL TAG_CLOSE  (49)

	TAG_CLOSE  shift 175
	.  error


state 173
	row : TAG_OPEN ROW TAG_CLOSE cells CLOSE_TAG_OPEN . ROW TAG_CLOSE  (46)

	ROW  shift 176
	.  error


state 174
	cells : cells cell .  (48)

	.  reduce 48


state 175
	cell : TAG_OPEN CELL TAG_CLOSE . pcdata CLOSE_TAG_OPEN CELL TAG_CLOSE  (49)

	CONTENT  shift 30
	.  error

	pcdata  goto 177


state 176
	row : TAG_OPEN ROW TAG_CLOSE cells CLOSE_TAG_OPEN ROW . TAG_CLOSE  (46)

	TAG_CLOSE  shift 178
	.  error


state 177
	cell : TAG_OPEN CELL TAG_CLOSE pcdata . CLOSE_TAG_OPEN CELL TAG_CLOSE  (49)

	CLOSE_TAG_OPEN  shift 179
	.  error


state 178
	row : TAG_OPEN ROW TAG_CLOSE cells CLOSE_TAG_OPEN ROW TAG_CLOSE .  (46)

	.  reduce 46


state 179
	cell : TAG_OPEN CELL TAG_CLOSE pcdata CLOSE_TAG_OPEN . CELL TAG_CLOSE  (49)

	CELL  shift 180
	.  error


state 180
	cell : TAG_OPEN CELL TAG_CLOSE pcdata CLOSE_TAG_OPEN CELL . TAG_CLOSE  (49)

	TAG_CLOSE  shift 181
	.  error


state 181
	cell : TAG_OPEN CELL TAG_CLOSE pcdata CLOSE_TAG_OPEN CELL TAG_CLOSE .  (49)

	.  reduce 49


33 terminals, 36 nonterminals
57 grammar rules, 182 states
