   0  $accept : doc $end

   1  doc : book

   2  book : OBJ_OPEN TAG ATT_SEPARATOR BOOK COMMA edition CONTENT ATT_SEPARATOR ARRAY_OPEN content ARRAY_CLOSE OBJ_CLOSE

   3  edition : EDITION ATT_SEPARATOR VALUE COMMA

   4  content : dedication COMMA preface COMMA parts author_notes
   5          | preface COMMA parts author_notes

   6  dedication : OBJ_OPEN TAG ATT_SEPARATOR DEDICATION COMMA CONTENT ATT_SEPARATOR ARRAY_OPEN pcdata ARRAY_CLOSE OBJ_CLOSE

   7  pcdata : PCDATA

   8  preface : OBJ_OPEN TAG ATT_SEPARATOR PREFACE COMMA CONTENT ATT_SEPARATOR ARRAY_OPEN pcdata ARRAY_CLOSE OBJ_CLOSE

   9  parts : part
  10        | parts COMMA part

  11  part : OBJ_OPEN TAG ATT_SEPARATOR PART COMMA id title CONTENT ATT_SEPARATOR ARRAY_OPEN part_cont ARRAY_CLOSE OBJ_CLOSE
  12       | OBJ_OPEN TAG ATT_SEPARATOR PART COMMA id CONTENT ATT_SEPARATOR ARRAY_OPEN part_cont ARRAY_CLOSE OBJ_CLOSE

  13  part_cont : toc COMMA chapters lof_lot

  14  lof_lot :
  15          | COMMA lof COMMA lot
  16          | COMMA lot
  17          | COMMA lof

  18  id : ID ATT_SEPARATOR VALUE COMMA

  19  title : TITLE ATT_SEPARATOR VALUE COMMA

  20  toc : OBJ_OPEN TAG ATT_SEPARATOR TOC COMMA CONTENT ATT_SEPARATOR ARRAY_OPEN items ARRAY_CLOSE OBJ_CLOSE

  21  items : item
  22        | items COMMA item

  23  item : OBJ_OPEN TAG ATT_SEPARATOR ITEM COMMA id_ref CONTENT ATT_SEPARATOR ARRAY_OPEN pcdata ARRAY_CLOSE OBJ_CLOSE

  24  id_ref : ID ATT_SEPARATOR VALUE COMMA

  25  chapters : chapter
  26           | chapters COMMA chapter

  27  chapter : OBJ_OPEN TAG ATT_SEPARATOR CHAPTER COMMA id title CONTENT ATT_SEPARATOR ARRAY_OPEN sections ARRAY_CLOSE OBJ_CLOSE

  28  sections : section
  29           | sections COMMA section

  30  section : OBJ_OPEN TAG ATT_SEPARATOR SECTION COMMA id title CONTENT ATT_SEPARATOR ARRAY_OPEN section_content ARRAY_CLOSE OBJ_CLOSE

  31  section_content : section_content COMMA pcdata
  32                  | section_content COMMA section
  33                  | section_content COMMA figure
  34                  | section_content COMMA table
  35                  | pcdata
  36                  | section
  37                  | figure
  38                  | table

  39  figure : OBJ_OPEN TAG ATT_SEPARATOR FIGURE COMMA id caption path OBJ_CLOSE

  40  caption : CAPTION ATT_SEPARATOR VALUE COMMA

  41  path : PATH ATT_SEPARATOR VALUE

  42  table : OBJ_OPEN TAG ATT_SEPARATOR TABLE COMMA id caption CONTENT ATT_SEPARATOR ARRAY_OPEN rows ARRAY_CLOSE OBJ_CLOSE

  43  rows : row
  44       | rows COMMA row

  45  row : OBJ_OPEN TAG ATT_SEPARATOR ROW COMMA CONTENT ATT_SEPARATOR ARRAY_OPEN cells ARRAY_CLOSE OBJ_CLOSE

  46  cells : cell
  47        | cells COMMA cell

  48  cell : OBJ_OPEN TAG ATT_SEPARATOR CELL COMMA CONTENT ATT_SEPARATOR ARRAY_OPEN pcdata ARRAY_CLOSE OBJ_CLOSE

  49  lof : OBJ_OPEN TAG ATT_SEPARATOR LOF COMMA CONTENT ATT_SEPARATOR ARRAY_OPEN items ARRAY_CLOSE OBJ_CLOSE

  50  lot : OBJ_OPEN TAG ATT_SEPARATOR LOT COMMA CONTENT ATT_SEPARATOR ARRAY_OPEN items ARRAY_CLOSE OBJ_CLOSE

  51  author_notes :
  52               | COMMA OBJ_OPEN TAG ATT_SEPARATOR AUTHOR_NOTES COMMA CONTENT ATT_SEPARATOR ARRAY_OPEN notes ARRAY_CLOSE OBJ_CLOSE

  53  notes : note
  54        | notes COMMA note

  55  note : OBJ_OPEN TAG ATT_SEPARATOR NOTE COMMA CONTENT ATT_SEPARATOR ARRAY_OPEN pcdata ARRAY_CLOSE OBJ_CLOSE

state 0
	$accept : . doc $end  (0)

	OBJ_OPEN  shift 1
	.  error

	doc  goto 2
	book  goto 3


state 1
	book : OBJ_OPEN . TAG ATT_SEPARATOR BOOK COMMA edition CONTENT ATT_SEPARATOR ARRAY_OPEN content ARRAY_CLOSE OBJ_CLOSE  (2)

	TAG  shift 4
	.  error


state 2
	$accept : doc . $end  (0)

	$end  accept


state 3
	doc : book .  (1)

	.  reduce 1


state 4
	book : OBJ_OPEN TAG . ATT_SEPARATOR BOOK COMMA edition CONTENT ATT_SEPARATOR ARRAY_OPEN content ARRAY_CLOSE OBJ_CLOSE  (2)

	ATT_SEPARATOR  shift 5
	.  error


state 5
	book : OBJ_OPEN TAG ATT_SEPARATOR . BOOK COMMA edition CONTENT ATT_SEPARATOR ARRAY_OPEN content ARRAY_CLOSE OBJ_CLOSE  (2)

	BOOK  shift 6
	.  error


state 6
	book : OBJ_OPEN TAG ATT_SEPARATOR BOOK . COMMA edition CONTENT ATT_SEPARATOR ARRAY_OPEN content ARRAY_CLOSE OBJ_CLOSE  (2)

	COMMA  shift 7
	.  error


state 7
	book : OBJ_OPEN TAG ATT_SEPARATOR BOOK COMMA . edition CONTENT ATT_SEPARATOR ARRAY_OPEN content ARRAY_CLOSE OBJ_CLOSE  (2)

	EDITION  shift 8
	.  error

	edition  goto 9


state 8
	edition : EDITION . ATT_SEPARATOR VALUE COMMA  (3)

	ATT_SEPARATOR  shift 10
	.  error


state 9
	book : OBJ_OPEN TAG ATT_SEPARATOR BOOK COMMA edition . CONTENT ATT_SEPARATOR ARRAY_OPEN content ARRAY_CLOSE OBJ_CLOSE  (2)

	CONTENT  shift 11
	.  error


state 10
	edition : EDITION ATT_SEPARATOR . VALUE COMMA  (3)

	VALUE  shift 12
	.  error


state 11
	book : OBJ_OPEN TAG ATT_SEPARATOR BOOK COMMA edition CONTENT . ATT_SEPARATOR ARRAY_OPEN content ARRAY_CLOSE OBJ_CLOSE  (2)

	ATT_SEPARATOR  shift 13
	.  error


state 12
	edition : EDITION ATT_SEPARATOR VALUE . COMMA  (3)

	COMMA  shift 14
	.  error


state 13
	book : OBJ_OPEN TAG ATT_SEPARATOR BOOK COMMA edition CONTENT ATT_SEPARATOR . ARRAY_OPEN content ARRAY_CLOSE OBJ_CLOSE  (2)

	ARRAY_OPEN  shift 15
	.  error


state 14
	edition : EDITION ATT_SEPARATOR VALUE COMMA .  (3)

	.  reduce 3


state 15
	book : OBJ_OPEN TAG ATT_SEPARATOR BOOK COMMA edition CONTENT ATT_SEPARATOR ARRAY_OPEN . content ARRAY_CLOSE OBJ_CLOSE  (2)

	OBJ_OPEN  shift 16
	.  error

	content  goto 17
	dedication  goto 18
	preface  goto 19


state 16
	dedication : OBJ_OPEN . TAG ATT_SEPARATOR DEDICATION COMMA CONTENT ATT_SEPARATOR ARRAY_OPEN pcdata ARRAY_CLOSE OBJ_CLOSE  (6)
	preface : OBJ_OPEN . TAG ATT_SEPARATOR PREFACE COMMA CONTENT ATT_SEPARATOR ARRAY_OPEN pcdata ARRAY_CLOSE OBJ_CLOSE  (8)

	TAG  shift 20
	.  error


state 17
	book : OBJ_OPEN TAG ATT_SEPARATOR BOOK COMMA edition CONTENT ATT_SEPARATOR ARRAY_OPEN content . ARRAY_CLOSE OBJ_CLOSE  (2)

	ARRAY_CLOSE  shift 21
	.  error


state 18
	content : dedication . COMMA preface COMMA parts author_notes  (4)

	COMMA  shift 22
	.  error


state 19
	content : preface . COMMA parts author_notes  (5)

	COMMA  shift 23
	.  error


state 20
	dedication : OBJ_OPEN TAG . ATT_SEPARATOR DEDICATION COMMA CONTENT ATT_SEPARATOR ARRAY_OPEN pcdata ARRAY_CLOSE OBJ_CLOSE  (6)
	preface : OBJ_OPEN TAG . ATT_SEPARATOR PREFACE COMMA CONTENT ATT_SEPARATOR ARRAY_OPEN pcdata ARRAY_CLOSE OBJ_CLOSE  (8)

	ATT_SEPARATOR  shift 24
	.  error


state 21
	book : OBJ_OPEN TAG ATT_SEPARATOR BOOK COMMA edition CONTENT ATT_SEPARATOR ARRAY_OPEN content ARRAY_CLOSE . OBJ_CLOSE  (2)

	OBJ_CLOSE  shift 25
	.  error


state 22
	content : dedication COMMA . preface COMMA parts author_notes  (4)

	OBJ_OPEN  shift 26
	.  error

	preface  goto 27


state 23
	content : preface COMMA . parts author_notes  (5)

	OBJ_OPEN  shift 28
	.  error

	part  goto 29
	parts  goto 30


state 24
	dedication : OBJ_OPEN TAG ATT_SEPARATOR . DEDICATION COMMA CONTENT ATT_SEPARATOR ARRAY_OPEN pcdata ARRAY_CLOSE OBJ_CLOSE  (6)
	preface : OBJ_OPEN TAG ATT_SEPARATOR . PREFACE COMMA CONTENT ATT_SEPARATOR ARRAY_OPEN pcdata ARRAY_CLOSE OBJ_CLOSE  (8)

	DEDICATION  shift 31
	PREFACE  shift 32
	.  error


state 25
	book : OBJ_OPEN TAG ATT_SEPARATOR BOOK COMMA edition CONTENT ATT_SEPARATOR ARRAY_OPEN content ARRAY_CLOSE OBJ_CLOSE .  (2)

	.  reduce 2


state 26
	preface : OBJ_OPEN . TAG ATT_SEPARATOR PREFACE COMMA CONTENT ATT_SEPARATOR ARRAY_OPEN pcdata ARRAY_CLOSE OBJ_CLOSE  (8)

	TAG  shift 33
	.  error


state 27
	content : dedication COMMA preface . COMMA parts author_notes  (4)

	COMMA  shift 34
	.  error


state 28
	part : OBJ_OPEN . TAG ATT_SEPARATOR PART COMMA id title CONTENT ATT_SEPARATOR ARRAY_OPEN part_cont ARRAY_CLOSE OBJ_CLOSE  (11)
	part : OBJ_OPEN . TAG ATT_SEPARATOR PART COMMA id CONTENT ATT_SEPARATOR ARRAY_OPEN part_cont ARRAY_CLOSE OBJ_CLOSE  (12)

	TAG  shift 35
	.  error


state 29
	parts : part .  (9)

	.  reduce 9


state 30
	content : preface COMMA parts . author_notes  (5)
	parts : parts . COMMA part  (10)
	author_notes : .  (51)

	COMMA  shift 36
	ARRAY_CLOSE  reduce 51

	author_notes  goto 37


state 31
	dedication : OBJ_OPEN TAG ATT_SEPARATOR DEDICATION . COMMA CONTENT ATT_SEPARATOR ARRAY_OPEN pcdata ARRAY_CLOSE OBJ_CLOSE  (6)

	COMMA  shift 38
	.  error


state 32
	preface : OBJ_OPEN TAG ATT_SEPARATOR PREFACE . COMMA CONTENT ATT_SEPARATOR ARRAY_OPEN pcdata ARRAY_CLOSE OBJ_CLOSE  (8)

	COMMA  shift 39
	.  error


state 33
	preface : OBJ_OPEN TAG . ATT_SEPARATOR PREFACE COMMA CONTENT ATT_SEPARATOR ARRAY_OPEN pcdata ARRAY_CLOSE OBJ_CLOSE  (8)

	ATT_SEPARATOR  shift 40
	.  error


state 34
	content : dedication COMMA preface COMMA . parts author_notes  (4)

	OBJ_OPEN  shift 28
	.  error

	part  goto 29
	parts  goto 41


state 35
	part : OBJ_OPEN TAG . ATT_SEPARATOR PART COMMA id title CONTENT ATT_SEPARATOR ARRAY_OPEN part_cont ARRAY_CLOSE OBJ_CLOSE  (11)
	part : OBJ_OPEN TAG . ATT_SEPARATOR PART COMMA id CONTENT ATT_SEPARATOR ARRAY_OPEN part_cont ARRAY_CLOSE OBJ_CLOSE  (12)

	ATT_SEPARATOR  shift 42
	.  error


state 36
	parts : parts COMMA . part  (10)
	author_notes : COMMA . OBJ_OPEN TAG ATT_SEPARATOR AUTHOR_NOTES COMMA CONTENT ATT_SEPARATOR ARRAY_OPEN notes ARRAY_CLOSE OBJ_CLOSE  (52)

	OBJ_OPEN  shift 43
	.  error

	part  goto 44


state 37
	content : preface COMMA parts author_notes .  (5)

	.  reduce 5


state 38
	dedication : OBJ_OPEN TAG ATT_SEPARATOR DEDICATION COMMA . CONTENT ATT_SEPARATOR ARRAY_OPEN pcdata ARRAY_CLOSE OBJ_CLOSE  (6)

	CONTENT  shift 45
	.  error


state 39
	preface : OBJ_OPEN TAG ATT_SEPARATOR PREFACE COMMA . CONTENT ATT_SEPARATOR ARRAY_OPEN pcdata ARRAY_CLOSE OBJ_CLOSE  (8)

	CONTENT  shift 46
	.  error


state 40
	preface : OBJ_OPEN TAG ATT_SEPARATOR . PREFACE COMMA CONTENT ATT_SEPARATOR ARRAY_OPEN pcdata ARRAY_CLOSE OBJ_CLOSE  (8)

	PREFACE  shift 32
	.  error


state 41
	content : dedication COMMA preface COMMA parts . author_notes  (4)
	parts : parts . COMMA part  (10)
	author_notes : .  (51)

	COMMA  shift 36
	ARRAY_CLOSE  reduce 51

	author_notes  goto 47


state 42
	part : OBJ_OPEN TAG ATT_SEPARATOR . PART COMMA id title CONTENT ATT_SEPARATOR ARRAY_OPEN part_cont ARRAY_CLOSE OBJ_CLOSE  (11)
	part : OBJ_OPEN TAG ATT_SEPARATOR . PART COMMA id CONTENT ATT_SEPARATOR ARRAY_OPEN part_cont ARRAY_CLOSE OBJ_CLOSE  (12)

	PART  shift 48
	.  error


state 43
	part : OBJ_OPEN . TAG ATT_SEPARATOR PART COMMA id title CONTENT ATT_SEPARATOR ARRAY_OPEN part_cont ARRAY_CLOSE OBJ_CLOSE  (11)
	part : OBJ_OPEN . TAG ATT_SEPARATOR PART COMMA id CONTENT ATT_SEPARATOR ARRAY_OPEN part_cont ARRAY_CLOSE OBJ_CLOSE  (12)
	author_notes : COMMA OBJ_OPEN . TAG ATT_SEPARATOR AUTHOR_NOTES COMMA CONTENT ATT_SEPARATOR ARRAY_OPEN notes ARRAY_CLOSE OBJ_CLOSE  (52)

	TAG  shift 49
	.  error


state 44
	parts : parts COMMA part .  (10)

	.  reduce 10


state 45
	dedication : OBJ_OPEN TAG ATT_SEPARATOR DEDICATION COMMA CONTENT . ATT_SEPARATOR ARRAY_OPEN pcdata ARRAY_CLOSE OBJ_CLOSE  (6)

	ATT_SEPARATOR  shift 50
	.  error


state 46
	preface : OBJ_OPEN TAG ATT_SEPARATOR PREFACE COMMA CONTENT . ATT_SEPARATOR ARRAY_OPEN pcdata ARRAY_CLOSE OBJ_CLOSE  (8)

	ATT_SEPARATOR  shift 51
	.  error


state 47
	content : dedication COMMA preface COMMA parts author_notes .  (4)

	.  reduce 4


state 48
	part : OBJ_OPEN TAG ATT_SEPARATOR PART . COMMA id title CONTENT ATT_SEPARATOR ARRAY_OPEN part_cont ARRAY_CLOSE OBJ_CLOSE  (11)
	part : OBJ_OPEN TAG ATT_SEPARATOR PART . COMMA id CONTENT ATT_SEPARATOR ARRAY_OPEN part_cont ARRAY_CLOSE OBJ_CLOSE  (12)

	COMMA  shift 52
	.  error


state 49
	part : OBJ_OPEN TAG . ATT_SEPARATOR PART COMMA id title CONTENT ATT_SEPARATOR ARRAY_OPEN part_cont ARRAY_CLOSE OBJ_CLOSE  (11)
	part : OBJ_OPEN TAG . ATT_SEPARATOR PART COMMA id CONTENT ATT_SEPARATOR ARRAY_OPEN part_cont ARRAY_CLOSE OBJ_CLOSE  (12)
	author_notes : COMMA OBJ_OPEN TAG . ATT_SEPARATOR AUTHOR_NOTES COMMA CONTENT ATT_SEPARATOR ARRAY_OPEN notes ARRAY_CLOSE OBJ_CLOSE  (52)

	ATT_SEPARATOR  shift 53
	.  error


state 50
	dedication : OBJ_OPEN TAG ATT_SEPARATOR DEDICATION COMMA CONTENT ATT_SEPARATOR . ARRAY_OPEN pcdata ARRAY_CLOSE OBJ_CLOSE  (6)

	ARRAY_OPEN  shift 54
	.  error


state 51
	preface : OBJ_OPEN TAG ATT_SEPARATOR PREFACE COMMA CONTENT ATT_SEPARATOR . ARRAY_OPEN pcdata ARRAY_CLOSE OBJ_CLOSE  (8)

	ARRAY_OPEN  shift 55
	.  error


state 52
	part : OBJ_OPEN TAG ATT_SEPARATOR PART COMMA . id title CONTENT ATT_SEPARATOR ARRAY_OPEN part_cont ARRAY_CLOSE OBJ_CLOSE  (11)
	part : OBJ_OPEN TAG ATT_SEPARATOR PART COMMA . id CONTENT ATT_SEPARATOR ARRAY_OPEN part_cont ARRAY_CLOSE OBJ_CLOSE  (12)

	ID  shift 56
	.  error

	id  goto 57


state 53
	part : OBJ_OPEN TAG ATT_SEPARATOR . PART COMMA id title CONTENT ATT_SEPARATOR ARRAY_OPEN part_cont ARRAY_CLOSE OBJ_CLOSE  (11)
	part : OBJ_OPEN TAG ATT_SEPARATOR . PART COMMA id CONTENT ATT_SEPARATOR ARRAY_OPEN part_cont ARRAY_CLOSE OBJ_CLOSE  (12)
	author_notes : COMMA OBJ_OPEN TAG ATT_SEPARATOR . AUTHOR_NOTES COMMA CONTENT ATT_SEPARATOR ARRAY_OPEN notes ARRAY_CLOSE OBJ_CLOSE  (52)

	PART  shift 48
	AUTHOR_NOTES  shift 58
	.  error


state 54
	dedication : OBJ_OPEN TAG ATT_SEPARATOR DEDICATION COMMA CONTENT ATT_SEPARATOR ARRAY_OPEN . pcdata ARRAY_CLOSE OBJ_CLOSE  (6)

	PCDATA  shift 59
	.  error

	pcdata  goto 60


state 55
	preface : OBJ_OPEN TAG ATT_SEPARATOR PREFACE COMMA CONTENT ATT_SEPARATOR ARRAY_OPEN . pcdata ARRAY_CLOSE OBJ_CLOSE  (8)

	PCDATA  shift 59
	.  error

	pcdata  goto 61


state 56
	id : ID . ATT_SEPARATOR VALUE COMMA  (18)

	ATT_SEPARATOR  shift 62
	.  error


state 57
	part : OBJ_OPEN TAG ATT_SEPARATOR PART COMMA id . title CONTENT ATT_SEPARATOR ARRAY_OPEN part_cont ARRAY_CLOSE OBJ_CLOSE  (11)
	part : OBJ_OPEN TAG ATT_SEPARATOR PART COMMA id . CONTENT ATT_SEPARATOR ARRAY_OPEN part_cont ARRAY_CLOSE OBJ_CLOSE  (12)

	TITLE  shift 63
	CONTENT  shift 64
	.  error

	title  goto 65


state 58
	author_notes : COMMA OBJ_OPEN TAG ATT_SEPARATOR AUTHOR_NOTES . COMMA CONTENT ATT_SEPARATOR ARRAY_OPEN notes ARRAY_CLOSE OBJ_CLOSE  (52)

	COMMA  shift 66
	.  error


state 59
	pcdata : PCDATA .  (7)

	.  reduce 7


state 60
	dedication : OBJ_OPEN TAG ATT_SEPARATOR DEDICATION COMMA CONTENT ATT_SEPARATOR ARRAY_OPEN pcdata . ARRAY_CLOSE OBJ_CLOSE  (6)

	ARRAY_CLOSE  shift 67
	.  error


state 61
	preface : OBJ_OPEN TAG ATT_SEPARATOR PREFACE COMMA CONTENT ATT_SEPARATOR ARRAY_OPEN pcdata . ARRAY_CLOSE OBJ_CLOSE  (8)

	ARRAY_CLOSE  shift 68
	.  error


state 62
	id : ID ATT_SEPARATOR . VALUE COMMA  (18)

	VALUE  shift 69
	.  error


state 63
	title : TITLE . ATT_SEPARATOR VALUE COMMA  (19)

	ATT_SEPARATOR  shift 70
	.  error


state 64
	part : OBJ_OPEN TAG ATT_SEPARATOR PART COMMA id CONTENT . ATT_SEPARATOR ARRAY_OPEN part_cont ARRAY_CLOSE OBJ_CLOSE  (12)

	ATT_SEPARATOR  shift 71
	.  error


state 65
	part : OBJ_OPEN TAG ATT_SEPARATOR PART COMMA id title . CONTENT ATT_SEPARATOR ARRAY_OPEN part_cont ARRAY_CLOSE OBJ_CLOSE  (11)

	CONTENT  shift 72
	.  error


state 66
	author_notes : COMMA OBJ_OPEN TAG ATT_SEPARATOR AUTHOR_NOTES COMMA . CONTENT ATT_SEPARATOR ARRAY_OPEN notes ARRAY_CLOSE OBJ_CLOSE  (52)

	CONTENT  shift 73
	.  error


state 67
	dedication : OBJ_OPEN TAG ATT_SEPARATOR DEDICATION COMMA CONTENT ATT_SEPARATOR ARRAY_OPEN pcdata ARRAY_CLOSE . OBJ_CLOSE  (6)

	OBJ_CLOSE  shift 74
	.  error


state 68
	preface : OBJ_OPEN TAG ATT_SEPARATOR PREFACE COMMA CONTENT ATT_SEPARATOR ARRAY_OPEN pcdata ARRAY_CLOSE . OBJ_CLOSE  (8)

	OBJ_CLOSE  shift 75
	.  error


state 69
	id : ID ATT_SEPARATOR VALUE . COMMA  (18)

	COMMA  shift 76
	.  error


state 70
	title : TITLE ATT_SEPARATOR . VALUE COMMA  (19)

	VALUE  shift 77
	.  error


state 71
	part : OBJ_OPEN TAG ATT_SEPARATOR PART COMMA id CONTENT ATT_SEPARATOR . ARRAY_OPEN part_cont ARRAY_CLOSE OBJ_CLOSE  (12)

	ARRAY_OPEN  shift 78
	.  error


state 72
	part : OBJ_OPEN TAG ATT_SEPARATOR PART COMMA id title CONTENT . ATT_SEPARATOR ARRAY_OPEN part_cont ARRAY_CLOSE OBJ_CLOSE  (11)

	ATT_SEPARATOR  shift 79
	.  error


state 73
	author_notes : COMMA OBJ_OPEN TAG ATT_SEPARATOR AUTHOR_NOTES COMMA CONTENT . ATT_SEPARATOR ARRAY_OPEN notes ARRAY_CLOSE OBJ_CLOSE  (52)

	ATT_SEPARATOR  shift 80
	.  error


state 74
	dedication : OBJ_OPEN TAG ATT_SEPARATOR DEDICATION COMMA CONTENT ATT_SEPARATOR ARRAY_OPEN pcdata ARRAY_CLOSE OBJ_CLOSE .  (6)

	.  reduce 6


state 75
	preface : OBJ_OPEN TAG ATT_SEPARATOR PREFACE COMMA CONTENT ATT_SEPARATOR ARRAY_OPEN pcdata ARRAY_CLOSE OBJ_CLOSE .  (8)

	.  reduce 8


state 76
	id : ID ATT_SEPARATOR VALUE COMMA .  (18)

	.  reduce 18


state 77
	title : TITLE ATT_SEPARATOR VALUE . COMMA  (19)

	COMMA  shift 81
	.  error


state 78
	part : OBJ_OPEN TAG ATT_SEPARATOR PART COMMA id CONTENT ATT_SEPARATOR ARRAY_OPEN . part_cont ARRAY_CLOSE OBJ_CLOSE  (12)

	OBJ_OPEN  shift 82
	.  error

	toc  goto 83
	part_cont  goto 84


state 79
	part : OBJ_OPEN TAG ATT_SEPARATOR PART COMMA id title CONTENT ATT_SEPARATOR . ARRAY_OPEN part_cont ARRAY_CLOSE OBJ_CLOSE  (11)

	ARRAY_OPEN  shift 85
	.  error


state 80
	author_notes : COMMA OBJ_OPEN TAG ATT_SEPARATOR AUTHOR_NOTES COMMA CONTENT ATT_SEPARATOR . ARRAY_OPEN notes ARRAY_CLOSE OBJ_CLOSE  (52)

	ARRAY_OPEN  shift 86
	.  error


state 81
	title : TITLE ATT_SEPARATOR VALUE COMMA .  (19)

	.  reduce 19


state 82
	toc : OBJ_OPEN . TAG ATT_SEPARATOR TOC COMMA CONTENT ATT_SEPARATOR ARRAY_OPEN items ARRAY_CLOSE OBJ_CLOSE  (20)

	TAG  shift 87
	.  error


state 83
	part_cont : toc . COMMA chapters lof_lot  (13)

	COMMA  shift 88
	.  error


state 84
	part : OBJ_OPEN TAG ATT_SEPARATOR PART COMMA id CONTENT ATT_SEPARATOR ARRAY_OPEN part_cont . ARRAY_CLOSE OBJ_CLOSE  (12)

	ARRAY_CLOSE  shift 89
	.  error


state 85
	part : OBJ_OPEN TAG ATT_SEPARATOR PART COMMA id title CONTENT ATT_SEPARATOR ARRAY_OPEN . part_cont ARRAY_CLOSE OBJ_CLOSE  (11)

	OBJ_OPEN  shift 82
	.  error

	toc  goto 83
	part_cont  goto 90


state 86
	author_notes : COMMA OBJ_OPEN TAG ATT_SEPARATOR AUTHOR_NOTES COMMA CONTENT ATT_SEPARATOR ARRAY_OPEN . notes ARRAY_CLOSE OBJ_CLOSE  (52)

	OBJ_OPEN  shift 91
	.  error

	note  goto 92
	notes  goto 93


state 87
	toc : OBJ_OPEN TAG . ATT_SEPARATOR TOC COMMA CONTENT ATT_SEPARATOR ARRAY_OPEN items ARRAY_CLOSE OBJ_CLOSE  (20)

	ATT_SEPARATOR  shift 94
	.  error


state 88
	part_cont : toc COMMA . chapters lof_lot  (13)

	OBJ_OPEN  shift 95
	.  error

	chapter  goto 96
	chapters  goto 97


state 89
	part : OBJ_OPEN TAG ATT_SEPARATOR PART COMMA id CONTENT ATT_SEPARATOR ARRAY_OPEN part_cont ARRAY_CLOSE . OBJ_CLOSE  (12)

	OBJ_CLOSE  shift 98
	.  error


state 90
	part : OBJ_OPEN TAG ATT_SEPARATOR PART COMMA id title CONTENT ATT_SEPARATOR ARRAY_OPEN part_cont . ARRAY_CLOSE OBJ_CLOSE  (11)

	ARRAY_CLOSE  shift 99
	.  error


state 91
	note : OBJ_OPEN . TAG ATT_SEPARATOR NOTE COMMA CONTENT ATT_SEPARATOR ARRAY_OPEN pcdata ARRAY_CLOSE OBJ_CLOSE  (55)

	TAG  shift 100
	.  error


state 92
	notes : note .  (53)

	.  reduce 53


state 93
	author_notes : COMMA OBJ_OPEN TAG ATT_SEPARATOR AUTHOR_NOTES COMMA CONTENT ATT_SEPARATOR ARRAY_OPEN notes . ARRAY_CLOSE OBJ_CLOSE  (52)
	notes : notes . COMMA note  (54)

	COMMA  shift 101
	ARRAY_CLOSE  shift 102
	.  error


state 94
	toc : OBJ_OPEN TAG ATT_SEPARATOR . TOC COMMA CONTENT ATT_SEPARATOR ARRAY_OPEN items ARRAY_CLOSE OBJ_CLOSE  (20)

	TOC  shift 103
	.  error


state 95
	chapter : OBJ_OPEN . TAG ATT_SEPARATOR CHAPTER COMMA id title CONTENT ATT_SEPARATOR ARRAY_OPEN sections ARRAY_CLOSE OBJ_CLOSE  (27)

	TAG  shift 104
	.  error


state 96
	chapters : chapter .  (25)

	.  reduce 25


state 97
	part_cont : toc COMMA chapters . lof_lot  (13)
	chapters : chapters . COMMA chapter  (26)
	lof_lot : .  (14)

	COMMA  shift 105
	ARRAY_CLOSE  reduce 14

	lof_lot  goto 106


state 98
	part : OBJ_OPEN TAG ATT_SEPARATOR PART COMMA id CONTENT ATT_SEPARATOR ARRAY_OPEN part_cont ARRAY_CLOSE OBJ_CLOSE .  (12)

	.  reduce 12


state 99
	part : OBJ_OPEN TAG ATT_SEPARATOR PART COMMA id title CONTENT ATT_SEPARATOR ARRAY_OPEN part_cont ARRAY_CLOSE . OBJ_CLOSE  (11)

	OBJ_CLOSE  shift 107
	.  error


state 100
	note : OBJ_OPEN TAG . ATT_SEPARATOR NOTE COMMA CONTENT ATT_SEPARATOR ARRAY_OPEN pcdata ARRAY_CLOSE OBJ_CLOSE  (55)

	ATT_SEPARATOR  shift 108
	.  error


state 101
	notes : notes COMMA . note  (54)

	OBJ_OPEN  shift 91
	.  error

	note  goto 109


state 102
	author_notes : COMMA OBJ_OPEN TAG ATT_SEPARATOR AUTHOR_NOTES COMMA CONTENT ATT_SEPARATOR ARRAY_OPEN notes ARRAY_CLOSE . OBJ_CLOSE  (52)

	OBJ_CLOSE  shift 110
	.  error


state 103
	toc : OBJ_OPEN TAG ATT_SEPARATOR TOC . COMMA CONTENT ATT_SEPARATOR ARRAY_OPEN items ARRAY_CLOSE OBJ_CLOSE  (20)

	COMMA  shift 111
	.  error


state 104
	chapter : OBJ_OPEN TAG . ATT_SEPARATOR CHAPTER COMMA id title CONTENT ATT_SEPARATOR ARRAY_OPEN sections ARRAY_CLOSE OBJ_CLOSE  (27)

	ATT_SEPARATOR  shift 112
	.  error


state 105
	lof_lot : COMMA . lof COMMA lot  (15)
	lof_lot : COMMA . lot  (16)
	lof_lot : COMMA . lof  (17)
	chapters : chapters COMMA . chapter  (26)

	OBJ_OPEN  shift 113
	.  error

	chapter  goto 114
	lof  goto 115
	lot  goto 116


state 106
	part_cont : toc COMMA chapters lof_lot .  (13)

	.  reduce 13


state 107
	part : OBJ_OPEN TAG ATT_SEPARATOR PART COMMA id title CONTENT ATT_SEPARATOR ARRAY_OPEN part_cont ARRAY_CLOSE OBJ_CLOSE .  (11)

	.  reduce 11


state 108
	note : OBJ_OPEN TAG ATT_SEPARATOR . NOTE COMMA CONTENT ATT_SEPARATOR ARRAY_OPEN pcdata ARRAY_CLOSE OBJ_CLOSE  (55)

	NOTE  shift 117
	.  error


state 109
	notes : notes COMMA note .  (54)

	.  reduce 54


state 110
	author_notes : COMMA OBJ_OPEN TAG ATT_SEPARATOR AUTHOR_NOTES COMMA CONTENT ATT_SEPARATOR ARRAY_OPEN notes ARRAY_CLOSE OBJ_CLOSE .  (52)

	.  reduce 52


state 111
	toc : OBJ_OPEN TAG ATT_SEPARATOR TOC COMMA . CONTENT ATT_SEPARATOR ARRAY_OPEN items ARRAY_CLOSE OBJ_CLOSE  (20)

	CONTENT  shift 118
	.  error


state 112
	chapter : OBJ_OPEN TAG ATT_SEPARATOR . CHAPTER COMMA id title CONTENT ATT_SEPARATOR ARRAY_OPEN sections ARRAY_CLOSE OBJ_CLOSE  (27)

	CHAPTER  shift 119
	.  error


state 113
	chapter : OBJ_OPEN . TAG ATT_SEPARATOR CHAPTER COMMA id title CONTENT ATT_SEPARATOR ARRAY_OPEN sections ARRAY_CLOSE OBJ_CLOSE  (27)
	lof : OBJ_OPEN . TAG ATT_SEPARATOR LOF COMMA CONTENT ATT_SEPARATOR ARRAY_OPEN items ARRAY_CLOSE OBJ_CLOSE  (49)
	lot : OBJ_OPEN . TAG ATT_SEPARATOR LOT COMMA CONTENT ATT_SEPARATOR ARRAY_OPEN items ARRAY_CLOSE OBJ_CLOSE  (50)

	TAG  shift 120
	.  error


state 114
	chapters : chapters COMMA chapter .  (26)

	.  reduce 26


state 115
	lof_lot : COMMA lof . COMMA lot  (15)
	lof_lot : COMMA lof .  (17)

	COMMA  shift 121
	ARRAY_CLOSE  reduce 17


state 116
	lof_lot : COMMA lot .  (16)

	.  reduce 16


state 117
	note : OBJ_OPEN TAG ATT_SEPARATOR NOTE . COMMA CONTENT ATT_SEPARATOR ARRAY_OPEN pcdata ARRAY_CLOSE OBJ_CLOSE  (55)

	COMMA  shift 122
	.  error


state 118
	toc : OBJ_OPEN TAG ATT_SEPARATOR TOC COMMA CONTENT . ATT_SEPARATOR ARRAY_OPEN items ARRAY_CLOSE OBJ_CLOSE  (20)

	ATT_SEPARATOR  shift 123
	.  error


state 119
	chapter : OBJ_OPEN TAG ATT_SEPARATOR CHAPTER . COMMA id title CONTENT ATT_SEPARATOR ARRAY_OPEN sections ARRAY_CLOSE OBJ_CLOSE  (27)

	COMMA  shift 124
	.  error


state 120
	chapter : OBJ_OPEN TAG . ATT_SEPARATOR CHAPTER COMMA id title CONTENT ATT_SEPARATOR ARRAY_OPEN sections ARRAY_CLOSE OBJ_CLOSE  (27)
	lof : OBJ_OPEN TAG . ATT_SEPARATOR LOF COMMA CONTENT ATT_SEPARATOR ARRAY_OPEN items ARRAY_CLOSE OBJ_CLOSE  (49)
	lot : OBJ_OPEN TAG . ATT_SEPARATOR LOT COMMA CONTENT ATT_SEPARATOR ARRAY_OPEN items ARRAY_CLOSE OBJ_CLOSE  (50)

	ATT_SEPARATOR  shift 125
	.  error


state 121
	lof_lot : COMMA lof COMMA . lot  (15)

	OBJ_OPEN  shift 126
	.  error

	lot  goto 127


state 122
	note : OBJ_OPEN TAG ATT_SEPARATOR NOTE COMMA . CONTENT ATT_SEPARATOR ARRAY_OPEN pcdata ARRAY_CLOSE OBJ_CLOSE  (55)

	CONTENT  shift 128
	.  error


state 123
	toc : OBJ_OPEN TAG ATT_SEPARATOR TOC COMMA CONTENT ATT_SEPARATOR . ARRAY_OPEN items ARRAY_CLOSE OBJ_CLOSE  (20)

	ARRAY_OPEN  shift 129
	.  error


state 124
	chapter : OBJ_OPEN TAG ATT_SEPARATOR CHAPTER COMMA . id title CONTENT ATT_SEPARATOR ARRAY_OPEN sections ARRAY_CLOSE OBJ_CLOSE  (27)

	ID  shift 56
	.  error

	id  goto 130


state 125
	chapter : OBJ_OPEN TAG ATT_SEPARATOR . CHAPTER COMMA id title CONTENT ATT_SEPARATOR ARRAY_OPEN sections ARRAY_CLOSE OBJ_CLOSE  (27)
	lof : OBJ_OPEN TAG ATT_SEPARATOR . LOF COMMA CONTENT ATT_SEPARATOR ARRAY_OPEN items ARRAY_CLOSE OBJ_CLOSE  (49)
	lot : OBJ_OPEN TAG ATT_SEPARATOR . LOT COMMA CONTENT ATT_SEPARATOR ARRAY_OPEN items ARRAY_CLOSE OBJ_CLOSE  (50)

	LOF  shift 131
	LOT  shift 132
	CHAPTER  shift 119
	.  error


state 126
	lot : OBJ_OPEN . TAG ATT_SEPARATOR LOT COMMA CONTENT ATT_SEPARATOR ARRAY_OPEN items ARRAY_CLOSE OBJ_CLOSE  (50)

	TAG  shift 133
	.  error


state 127
	lof_lot : COMMA lof COMMA lot .  (15)

	.  reduce 15


state 128
	note : OBJ_OPEN TAG ATT_SEPARATOR NOTE COMMA CONTENT . ATT_SEPARATOR ARRAY_OPEN pcdata ARRAY_CLOSE OBJ_CLOSE  (55)

	ATT_SEPARATOR  shift 134
	.  error


state 129
	toc : OBJ_OPEN TAG ATT_SEPARATOR TOC COMMA CONTENT ATT_SEPARATOR ARRAY_OPEN . items ARRAY_CLOSE OBJ_CLOSE  (20)

	OBJ_OPEN  shift 135
	.  error

	item  goto 136
	items  goto 137


state 130
	chapter : OBJ_OPEN TAG ATT_SEPARATOR CHAPTER COMMA id . title CONTENT ATT_SEPARATOR ARRAY_OPEN sections ARRAY_CLOSE OBJ_CLOSE  (27)

	TITLE  shift 63
	.  error

	title  goto 138


state 131
	lof : OBJ_OPEN TAG ATT_SEPARATOR LOF . COMMA CONTENT ATT_SEPARATOR ARRAY_OPEN items ARRAY_CLOSE OBJ_CLOSE  (49)

	COMMA  shift 139
	.  error


state 132
	lot : OBJ_OPEN TAG ATT_SEPARATOR LOT . COMMA CONTENT ATT_SEPARATOR ARRAY_OPEN items ARRAY_CLOSE OBJ_CLOSE  (50)

	COMMA  shift 140
	.  error


state 133
	lot : OBJ_OPEN TAG . ATT_SEPARATOR LOT COMMA CONTENT ATT_SEPARATOR ARRAY_OPEN items ARRAY_CLOSE OBJ_CLOSE  (50)

	ATT_SEPARATOR  shift 141
	.  error


state 134
	note : OBJ_OPEN TAG ATT_SEPARATOR NOTE COMMA CONTENT ATT_SEPARATOR . ARRAY_OPEN pcdata ARRAY_CLOSE OBJ_CLOSE  (55)

	ARRAY_OPEN  shift 142
	.  error


state 135
	item : OBJ_OPEN . TAG ATT_SEPARATOR ITEM COMMA id_ref CONTENT ATT_SEPARATOR ARRAY_OPEN pcdata ARRAY_CLOSE OBJ_CLOSE  (23)

	TAG  shift 143
	.  error


state 136
	items : item .  (21)

	.  reduce 21


state 137
	toc : OBJ_OPEN TAG ATT_SEPARATOR TOC COMMA CONTENT ATT_SEPARATOR ARRAY_OPEN items . ARRAY_CLOSE OBJ_CLOSE  (20)
	items : items . COMMA item  (22)

	COMMA  shift 144
	ARRAY_CLOSE  shift 145
	.  error


state 138
	chapter : OBJ_OPEN TAG ATT_SEPARATOR CHAPTER COMMA id title . CONTENT ATT_SEPARATOR ARRAY_OPEN sections ARRAY_CLOSE OBJ_CLOSE  (27)

	CONTENT  shift 146
	.  error


state 139
	lof : OBJ_OPEN TAG ATT_SEPARATOR LOF COMMA . CONTENT ATT_SEPARATOR ARRAY_OPEN items ARRAY_CLOSE OBJ_CLOSE  (49)

	CONTENT  shift 147
	.  error


state 140
	lot : OBJ_OPEN TAG ATT_SEPARATOR LOT COMMA . CONTENT ATT_SEPARATOR ARRAY_OPEN items ARRAY_CLOSE OBJ_CLOSE  (50)

	CONTENT  shift 148
	.  error


state 141
	lot : OBJ_OPEN TAG ATT_SEPARATOR . LOT COMMA CONTENT ATT_SEPARATOR ARRAY_OPEN items ARRAY_CLOSE OBJ_CLOSE  (50)

	LOT  shift 132
	.  error


state 142
	note : OBJ_OPEN TAG ATT_SEPARATOR NOTE COMMA CONTENT ATT_SEPARATOR ARRAY_OPEN . pcdata ARRAY_CLOSE OBJ_CLOSE  (55)

	PCDATA  shift 59
	.  error

	pcdata  goto 149


state 143
	item : OBJ_OPEN TAG . ATT_SEPARATOR ITEM COMMA id_ref CONTENT ATT_SEPARATOR ARRAY_OPEN pcdata ARRAY_CLOSE OBJ_CLOSE  (23)

	ATT_SEPARATOR  shift 150
	.  error


state 144
	items : items COMMA . item  (22)

	OBJ_OPEN  shift 135
	.  error

	item  goto 151


state 145
	toc : OBJ_OPEN TAG ATT_SEPARATOR TOC COMMA CONTENT ATT_SEPARATOR ARRAY_OPEN items ARRAY_CLOSE . OBJ_CLOSE  (20)

	OBJ_CLOSE  shift 152
	.  error


state 146
	chapter : OBJ_OPEN TAG ATT_SEPARATOR CHAPTER COMMA id title CONTENT . ATT_SEPARATOR ARRAY_OPEN sections ARRAY_CLOSE OBJ_CLOSE  (27)

	ATT_SEPARATOR  shift 153
	.  error


state 147
	lof : OBJ_OPEN TAG ATT_SEPARATOR LOF COMMA CONTENT . ATT_SEPARATOR ARRAY_OPEN items ARRAY_CLOSE OBJ_CLOSE  (49)

	ATT_SEPARATOR  shift 154
	.  error


state 148
	lot : OBJ_OPEN TAG ATT_SEPARATOR LOT COMMA CONTENT . ATT_SEPARATOR ARRAY_OPEN items ARRAY_CLOSE OBJ_CLOSE  (50)

	ATT_SEPARATOR  shift 155
	.  error


state 149
	note : OBJ_OPEN TAG ATT_SEPARATOR NOTE COMMA CONTENT ATT_SEPARATOR ARRAY_OPEN pcdata . ARRAY_CLOSE OBJ_CLOSE  (55)

	ARRAY_CLOSE  shift 156
	.  error


state 150
	item : OBJ_OPEN TAG ATT_SEPARATOR . ITEM COMMA id_ref CONTENT ATT_SEPARATOR ARRAY_OPEN pcdata ARRAY_CLOSE OBJ_CLOSE  (23)

	ITEM  shift 157
	.  error


state 151
	items : items COMMA item .  (22)

	.  reduce 22


state 152
	toc : OBJ_OPEN TAG ATT_SEPARATOR TOC COMMA CONTENT ATT_SEPARATOR ARRAY_OPEN items ARRAY_CLOSE OBJ_CLOSE .  (20)

	.  reduce 20


state 153
	chapter : OBJ_OPEN TAG ATT_SEPARATOR CHAPTER COMMA id title CONTENT ATT_SEPARATOR . ARRAY_OPEN sections ARRAY_CLOSE OBJ_CLOSE  (27)

	ARRAY_OPEN  shift 158
	.  error


state 154
	lof : OBJ_OPEN TAG ATT_SEPARATOR LOF COMMA CONTENT ATT_SEPARATOR . ARRAY_OPEN items ARRAY_CLOSE OBJ_CLOSE  (49)

	ARRAY_OPEN  shift 159
	.  error


state 155
	lot : OBJ_OPEN TAG ATT_SEPARATOR LOT COMMA CONTENT ATT_SEPARATOR . ARRAY_OPEN items ARRAY_CLOSE OBJ_CLOSE  (50)

	ARRAY_OPEN  shift 160
	.  error


state 156
	note : OBJ_OPEN TAG ATT_SEPARATOR NOTE COMMA CONTENT ATT_SEPARATOR ARRAY_OPEN pcdata ARRAY_CLOSE . OBJ_CLOSE  (55)

	OBJ_CLOSE  shift 161
	.  error


state 157
	item : OBJ_OPEN TAG ATT_SEPARATOR ITEM . COMMA id_ref CONTENT ATT_SEPARATOR ARRAY_OPEN pcdata ARRAY_CLOSE OBJ_CLOSE  (23)

	COMMA  shift 162
	.  error


state 158
	chapter : OBJ_OPEN TAG ATT_SEPARATOR CHAPTER COMMA id title CONTENT ATT_SEPARATOR ARRAY_OPEN . sections ARRAY_CLOSE OBJ_CLOSE  (27)

	OBJ_OPEN  shift 163
	.  error

	section  goto 164
	sections  goto 165


state 159
	lof : OBJ_OPEN TAG ATT_SEPARATOR LOF COMMA CONTENT ATT_SEPARATOR ARRAY_OPEN . items ARRAY_CLOSE OBJ_CLOSE  (49)

	OBJ_OPEN  shift 135
	.  error

	item  goto 136
	items  goto 166


state 160
	lot : OBJ_OPEN TAG ATT_SEPARATOR LOT COMMA CONTENT ATT_SEPARATOR ARRAY_OPEN . items ARRAY_CLOSE OBJ_CLOSE  (50)

	OBJ_OPEN  shift 135
	.  error

	item  goto 136
	items  goto 167


state 161
	note : OBJ_OPEN TAG ATT_SEPARATOR NOTE COMMA CONTENT ATT_SEPARATOR ARRAY_OPEN pcdata ARRAY_CLOSE OBJ_CLOSE .  (55)

	.  reduce 55


state 162
	item : OBJ_OPEN TAG ATT_SEPARATOR ITEM COMMA . id_ref CONTENT ATT_SEPARATOR ARRAY_OPEN pcdata ARRAY_CLOSE OBJ_CLOSE  (23)

	ID  shift 168
	.  error

	id_ref  goto 169


state 163
	section : OBJ_OPEN . TAG ATT_SEPARATOR SECTION COMMA id title CONTENT ATT_SEPARATOR ARRAY_OPEN section_content ARRAY_CLOSE OBJ_CLOSE  (30)

	TAG  shift 170
	.  error


state 164
	sections : section .  (28)

	.  reduce 28


state 165
	chapter : OBJ_OPEN TAG ATT_SEPARATOR CHAPTER COMMA id title CONTENT ATT_SEPARATOR ARRAY_OPEN sections . ARRAY_CLOSE OBJ_CLOSE  (27)
	sections : sections . COMMA section  (29)

	COMMA  shift 171
	ARRAY_CLOSE  shift 172
	.  error


state 166
	items : items . COMMA item  (22)
	lof : OBJ_OPEN TAG ATT_SEPARATOR LOF COMMA CONTENT ATT_SEPARATOR ARRAY_OPEN items . ARRAY_CLOSE OBJ_CLOSE  (49)

	COMMA  shift 144
	ARRAY_CLOSE  shift 173
	.  error


state 167
	items : items . COMMA item  (22)
	lot : OBJ_OPEN TAG ATT_SEPARATOR LOT COMMA CONTENT ATT_SEPARATOR ARRAY_OPEN items . ARRAY_CLOSE OBJ_CLOSE  (50)

	COMMA  shift 144
	ARRAY_CLOSE  shift 174
	.  error


state 168
	id_ref : ID . ATT_SEPARATOR VALUE COMMA  (24)

	ATT_SEPARATOR  shift 175
	.  error


state 169
	item : OBJ_OPEN TAG ATT_SEPARATOR ITEM COMMA id_ref . CONTENT ATT_SEPARATOR ARRAY_OPEN pcdata ARRAY_CLOSE OBJ_CLOSE  (23)

	CONTENT  shift 176
	.  error


state 170
	section : OBJ_OPEN TAG . ATT_SEPARATOR SECTION COMMA id title CONTENT ATT_SEPARATOR ARRAY_OPEN section_content ARRAY_CLOSE OBJ_CLOSE  (30)

	ATT_SEPARATOR  shift 177
	.  error


state 171
	sections : sections COMMA . section  (29)

	OBJ_OPEN  shift 163
	.  error

	section  goto 178


state 172
	chapter : OBJ_OPEN TAG ATT_SEPARATOR CHAPTER COMMA id title CONTENT ATT_SEPARATOR ARRAY_OPEN sections ARRAY_CLOSE . OBJ_CLOSE  (27)

	OBJ_CLOSE  shift 179
	.  error


state 173
	lof : OBJ_OPEN TAG ATT_SEPARATOR LOF COMMA CONTENT ATT_SEPARATOR ARRAY_OPEN items ARRAY_CLOSE . OBJ_CLOSE  (49)

	OBJ_CLOSE  shift 180
	.  error


state 174
	lot : OBJ_OPEN TAG ATT_SEPARATOR LOT COMMA CONTENT ATT_SEPARATOR ARRAY_OPEN items ARRAY_CLOSE . OBJ_CLOSE  (50)

	OBJ_CLOSE  shift 181
	.  error


state 175
	id_ref : ID ATT_SEPARATOR . VALUE COMMA  (24)

	VALUE  shift 182
	.  error


state 176
	item : OBJ_OPEN TAG ATT_SEPARATOR ITEM COMMA id_ref CONTENT . ATT_SEPARATOR ARRAY_OPEN pcdata ARRAY_CLOSE OBJ_CLOSE  (23)

	ATT_SEPARATOR  shift 183
	.  error


state 177
	section : OBJ_OPEN TAG ATT_SEPARATOR . SECTION COMMA id title CONTENT ATT_SEPARATOR ARRAY_OPEN section_content ARRAY_CLOSE OBJ_CLOSE  (30)

	SECTION  shift 184
	.  error


state 178
	sections : sections COMMA section .  (29)

	.  reduce 29


state 179
	chapter : OBJ_OPEN TAG ATT_SEPARATOR CHAPTER COMMA id title CONTENT ATT_SEPARATOR ARRAY_OPEN sections ARRAY_CLOSE OBJ_CLOSE .  (27)

	.  reduce 27


state 180
	lof : OBJ_OPEN TAG ATT_SEPARATOR LOF COMMA CONTENT ATT_SEPARATOR ARRAY_OPEN items ARRAY_CLOSE OBJ_CLOSE .  (49)

	.  reduce 49


state 181
	lot : OBJ_OPEN TAG ATT_SEPARATOR LOT COMMA CONTENT ATT_SEPARATOR ARRAY_OPEN items ARRAY_CLOSE OBJ_CLOSE .  (50)

	.  reduce 50


state 182
	id_ref : ID ATT_SEPARATOR VALUE . COMMA  (24)

	COMMA  shift 185
	.  error


state 183
	item : OBJ_OPEN TAG ATT_SEPARATOR ITEM COMMA id_ref CONTENT ATT_SEPARATOR . ARRAY_OPEN pcdata ARRAY_CLOSE OBJ_CLOSE  (23)

	ARRAY_OPEN  shift 186
	.  error


state 184
	section : OBJ_OPEN TAG ATT_SEPARATOR SECTION . COMMA id title CONTENT ATT_SEPARATOR ARRAY_OPEN section_content ARRAY_CLOSE OBJ_CLOSE  (30)

	COMMA  shift 187
	.  error


state 185
	id_ref : ID ATT_SEPARATOR VALUE COMMA .  (24)

	.  reduce 24


state 186
	item : OBJ_OPEN TAG ATT_SEPARATOR ITEM COMMA id_ref CONTENT ATT_SEPARATOR ARRAY_OPEN . pcdata ARRAY_CLOSE OBJ_CLOSE  (23)

	PCDATA  shift 59
	.  error

	pcdata  goto 188


state 187
	section : OBJ_OPEN TAG ATT_SEPARATOR SECTION COMMA . id title CONTENT ATT_SEPARATOR ARRAY_OPEN section_content ARRAY_CLOSE OBJ_CLOSE  (30)

	ID  shift 56
	.  error

	id  goto 189


state 188
	item : OBJ_OPEN TAG ATT_SEPARATOR ITEM COMMA id_ref CONTENT ATT_SEPARATOR ARRAY_OPEN pcdata . ARRAY_CLOSE OBJ_CLOSE  (23)

	ARRAY_CLOSE  shift 190
	.  error


state 189
	section : OBJ_OPEN TAG ATT_SEPARATOR SECTION COMMA id . title CONTENT ATT_SEPARATOR ARRAY_OPEN section_content ARRAY_CLOSE OBJ_CLOSE  (30)

	TITLE  shift 63
	.  error

	title  goto 191


state 190
	item : OBJ_OPEN TAG ATT_SEPARATOR ITEM COMMA id_ref CONTENT ATT_SEPARATOR ARRAY_OPEN pcdata ARRAY_CLOSE . OBJ_CLOSE  (23)

	OBJ_CLOSE  shift 192
	.  error


state 191
	section : OBJ_OPEN TAG ATT_SEPARATOR SECTION COMMA id title . CONTENT ATT_SEPARATOR ARRAY_OPEN section_content ARRAY_CLOSE OBJ_CLOSE  (30)

	CONTENT  shift 193
	.  error


state 192
	item : OBJ_OPEN TAG ATT_SEPARATOR ITEM COMMA id_ref CONTENT ATT_SEPARATOR ARRAY_OPEN pcdata ARRAY_CLOSE OBJ_CLOSE .  (23)

	.  reduce 23


state 193
	section : OBJ_OPEN TAG ATT_SEPARATOR SECTION COMMA id title CONTENT . ATT_SEPARATOR ARRAY_OPEN section_content ARRAY_CLOSE OBJ_CLOSE  (30)

	ATT_SEPARATOR  shift 194
	.  error


state 194
	section : OBJ_OPEN TAG ATT_SEPARATOR SECTION COMMA id title CONTENT ATT_SEPARATOR . ARRAY_OPEN section_content ARRAY_CLOSE OBJ_CLOSE  (30)

	ARRAY_OPEN  shift 195
	.  error


state 195
	section : OBJ_OPEN TAG ATT_SEPARATOR SECTION COMMA id title CONTENT ATT_SEPARATOR ARRAY_OPEN . section_content ARRAY_CLOSE OBJ_CLOSE  (30)

	PCDATA  shift 59
	OBJ_OPEN  shift 196
	.  error

	section  goto 197
	section_content  goto 198
	figure  goto 199
	table  goto 200
	pcdata  goto 201


state 196
	section : OBJ_OPEN . TAG ATT_SEPARATOR SECTION COMMA id title CONTENT ATT_SEPARATOR ARRAY_OPEN section_content ARRAY_CLOSE OBJ_CLOSE  (30)
	figure : OBJ_OPEN . TAG ATT_SEPARATOR FIGURE COMMA id caption path OBJ_CLOSE  (39)
	table : OBJ_OPEN . TAG ATT_SEPARATOR TABLE COMMA id caption CONTENT ATT_SEPARATOR ARRAY_OPEN rows ARRAY_CLOSE OBJ_CLOSE  (42)

	TAG  shift 202
	.  error


state 197
	section_content : section .  (36)

	.  reduce 36


state 198
	section : OBJ_OPEN TAG ATT_SEPARATOR SECTION COMMA id title CONTENT ATT_SEPARATOR ARRAY_OPEN section_content . ARRAY_CLOSE OBJ_CLOSE  (30)
	section_content : section_content . COMMA pcdata  (31)
	section_content : section_content . COMMA section  (32)
	section_content : section_content . COMMA figure  (33)
	section_content : section_content . COMMA table  (34)

	COMMA  shift 203
	ARRAY_CLOSE  shift 204
	.  error


state 199
	section_content : figure .  (37)

	.  reduce 37


state 200
	section_content : table .  (38)

	.  reduce 38


state 201
	section_content : pcdata .  (35)

	.  reduce 35


state 202
	section : OBJ_OPEN TAG . ATT_SEPARATOR SECTION COMMA id title CONTENT ATT_SEPARATOR ARRAY_OPEN section_content ARRAY_CLOSE OBJ_CLOSE  (30)
	figure : OBJ_OPEN TAG . ATT_SEPARATOR FIGURE COMMA id caption path OBJ_CLOSE  (39)
	table : OBJ_OPEN TAG . ATT_SEPARATOR TABLE COMMA id caption CONTENT ATT_SEPARATOR ARRAY_OPEN rows ARRAY_CLOSE OBJ_CLOSE  (42)

	ATT_SEPARATOR  shift 205
	.  error


state 203
	section_content : section_content COMMA . pcdata  (31)
	section_content : section_content COMMA . section  (32)
	section_content : section_content COMMA . figure  (33)
	section_content : section_content COMMA . table  (34)

	PCDATA  shift 59
	OBJ_OPEN  shift 196
	.  error

	section  goto 206
	figure  goto 207
	table  goto 208
	pcdata  goto 209


state 204
	section : OBJ_OPEN TAG ATT_SEPARATOR SECTION COMMA id title CONTENT ATT_SEPARATOR ARRAY_OPEN section_content ARRAY_CLOSE . OBJ_CLOSE  (30)

	OBJ_CLOSE  shift 210
	.  error


state 205
	section : OBJ_OPEN TAG ATT_SEPARATOR . SECTION COMMA id title CONTENT ATT_SEPARATOR ARRAY_OPEN section_content ARRAY_CLOSE OBJ_CLOSE  (30)
	figure : OBJ_OPEN TAG ATT_SEPARATOR . FIGURE COMMA id caption path OBJ_CLOSE  (39)
	table : OBJ_OPEN TAG ATT_SEPARATOR . TABLE COMMA id caption CONTENT ATT_SEPARATOR ARRAY_OPEN rows ARRAY_CLOSE OBJ_CLOSE  (42)

	SECTION  shift 184
	FIGURE  shift 211
	TABLE  shift 212
	.  error


state 206
	section_content : section_content COMMA section .  (32)

	.  reduce 32


state 207
	section_content : section_content COMMA figure .  (33)

	.  reduce 33


state 208
	section_content : section_content COMMA table .  (34)

	.  reduce 34


state 209
	section_content : section_content COMMA pcdata .  (31)

	.  reduce 31


state 210
	section : OBJ_OPEN TAG ATT_SEPARATOR SECTION COMMA id title CONTENT ATT_SEPARATOR ARRAY_OPEN section_content ARRAY_CLOSE OBJ_CLOSE .  (30)

	.  reduce 30


state 211
	figure : OBJ_OPEN TAG ATT_SEPARATOR FIGURE . COMMA id caption path OBJ_CLOSE  (39)

	COMMA  shift 213
	.  error


state 212
	table : OBJ_OPEN TAG ATT_SEPARATOR TABLE . COMMA id caption CONTENT ATT_SEPARATOR ARRAY_OPEN rows ARRAY_CLOSE OBJ_CLOSE  (42)

	COMMA  shift 214
	.  error


state 213
	figure : OBJ_OPEN TAG ATT_SEPARATOR FIGURE COMMA . id caption path OBJ_CLOSE  (39)

	ID  shift 56
	.  error

	id  goto 215


state 214
	table : OBJ_OPEN TAG ATT_SEPARATOR TABLE COMMA . id caption CONTENT ATT_SEPARATOR ARRAY_OPEN rows ARRAY_CLOSE OBJ_CLOSE  (42)

	ID  shift 56
	.  error

	id  goto 216


state 215
	figure : OBJ_OPEN TAG ATT_SEPARATOR FIGURE COMMA id . caption path OBJ_CLOSE  (39)

	CAPTION  shift 217
	.  error

	caption  goto 218


state 216
	table : OBJ_OPEN TAG ATT_SEPARATOR TABLE COMMA id . caption CONTENT ATT_SEPARATOR ARRAY_OPEN rows ARRAY_CLOSE OBJ_CLOSE  (42)

	CAPTION  shift 217
	.  error

	caption  goto 219


state 217
	caption : CAPTION . ATT_SEPARATOR VALUE COMMA  (40)

	ATT_SEPARATOR  shift 220
	.  error


state 218
	figure : OBJ_OPEN TAG ATT_SEPARATOR FIGURE COMMA id caption . path OBJ_CLOSE  (39)

	PATH  shift 221
	.  error

	path  goto 222


state 219
	table : OBJ_OPEN TAG ATT_SEPARATOR TABLE COMMA id caption . CONTENT ATT_SEPARATOR ARRAY_OPEN rows ARRAY_CLOSE OBJ_CLOSE  (42)

	CONTENT  shift 223
	.  error


state 220
	caption : CAPTION ATT_SEPARATOR . VALUE COMMA  (40)

	VALUE  shift 224
	.  error


state 221
	path : PATH . ATT_SEPARATOR VALUE  (41)

	ATT_SEPARATOR  shift 225
	.  error


state 222
	figure : OBJ_OPEN TAG ATT_SEPARATOR FIGURE COMMA id caption path . OBJ_CLOSE  (39)

	OBJ_CLOSE  shift 226
	.  error


state 223
	table : OBJ_OPEN TAG ATT_SEPARATOR TABLE COMMA id caption CONTENT . ATT_SEPARATOR ARRAY_OPEN rows ARRAY_CLOSE OBJ_CLOSE  (42)

	ATT_SEPARATOR  shift 227
	.  error


state 224
	caption : CAPTION ATT_SEPARATOR VALUE . COMMA  (40)

	COMMA  shift 228
	.  error


state 225
	path : PATH ATT_SEPARATOR . VALUE  (41)

	VALUE  shift 229
	.  error


state 226
	figure : OBJ_OPEN TAG ATT_SEPARATOR FIGURE COMMA id caption path OBJ_CLOSE .  (39)

	.  reduce 39


state 227
	table : OBJ_OPEN TAG ATT_SEPARATOR TABLE COMMA id caption CONTENT ATT_SEPARATOR . ARRAY_OPEN rows ARRAY_CLOSE OBJ_CLOSE  (42)

	ARRAY_OPEN  shift 230
	.  error


state 228
	caption : CAPTION ATT_SEPARATOR VALUE COMMA .  (40)

	.  reduce 40


state 229
	path : PATH ATT_SEPARATOR VALUE .  (41)

	.  reduce 41


state 230
	table : OBJ_OPEN TAG ATT_SEPARATOR TABLE COMMA id caption CONTENT ATT_SEPARATOR ARRAY_OPEN . rows ARRAY_CLOSE OBJ_CLOSE  (42)

	OBJ_OPEN  shift 231
	.  error

	row  goto 232
	rows  goto 233


state 231
	row : OBJ_OPEN . TAG ATT_SEPARATOR ROW COMMA CONTENT ATT_SEPARATOR ARRAY_OPEN cells ARRAY_CLOSE OBJ_CLOSE  (45)

	TAG  shift 234
	.  error


state 232
	rows : row .  (43)

	.  reduce 43


state 233
	table : OBJ_OPEN TAG ATT_SEPARATOR TABLE COMMA id caption CONTENT ATT_SEPARATOR ARRAY_OPEN rows . ARRAY_CLOSE OBJ_CLOSE  (42)
	rows : rows . COMMA row  (44)

	COMMA  shift 235
	ARRAY_CLOSE  shift 236
	.  error


state 234
	row : OBJ_OPEN TAG . ATT_SEPARATOR ROW COMMA CONTENT ATT_SEPARATOR ARRAY_OPEN cells ARRAY_CLOSE OBJ_CLOSE  (45)

	ATT_SEPARATOR  shift 237
	.  error


state 235
	rows : rows COMMA . row  (44)

	OBJ_OPEN  shift 231
	.  error

	row  goto 238


state 236
	table : OBJ_OPEN TAG ATT_SEPARATOR TABLE COMMA id caption CONTENT ATT_SEPARATOR ARRAY_OPEN rows ARRAY_CLOSE . OBJ_CLOSE  (42)

	OBJ_CLOSE  shift 239
	.  error


state 237
	row : OBJ_OPEN TAG ATT_SEPARATOR . ROW COMMA CONTENT ATT_SEPARATOR ARRAY_OPEN cells ARRAY_CLOSE OBJ_CLOSE  (45)

	ROW  shift 240
	.  error


state 238
	rows : rows COMMA row .  (44)

	.  reduce 44


state 239
	table : OBJ_OPEN TAG ATT_SEPARATOR TABLE COMMA id caption CONTENT ATT_SEPARATOR ARRAY_OPEN rows ARRAY_CLOSE OBJ_CLOSE .  (42)

	.  reduce 42


state 240
	row : OBJ_OPEN TAG ATT_SEPARATOR ROW . COMMA CONTENT ATT_SEPARATOR ARRAY_OPEN cells ARRAY_CLOSE OBJ_CLOSE  (45)

	COMMA  shift 241
	.  error


state 241
	row : OBJ_OPEN TAG ATT_SEPARATOR ROW COMMA . CONTENT ATT_SEPARATOR ARRAY_OPEN cells ARRAY_CLOSE OBJ_CLOSE  (45)

	CONTENT  shift 242
	.  error


state 242
	row : OBJ_OPEN TAG ATT_SEPARATOR ROW COMMA CONTENT . ATT_SEPARATOR ARRAY_OPEN cells ARRAY_CLOSE OBJ_CLOSE  (45)

	ATT_SEPARATOR  shift 243
	.  error


state 243
	row : OBJ_OPEN TAG ATT_SEPARATOR ROW COMMA CONTENT ATT_SEPARATOR . ARRAY_OPEN cells ARRAY_CLOSE OBJ_CLOSE  (45)

	ARRAY_OPEN  shift 244
	.  error


state 244
	row : OBJ_OPEN TAG ATT_SEPARATOR ROW COMMA CONTENT ATT_SEPARATOR ARRAY_OPEN . cells ARRAY_CLOSE OBJ_CLOSE  (45)

	OBJ_OPEN  shift 245
	.  error

	cell  goto 246
	cells  goto 247


state 245
	cell : OBJ_OPEN . TAG ATT_SEPARATOR CELL COMMA CONTENT ATT_SEPARATOR ARRAY_OPEN pcdata ARRAY_CLOSE OBJ_CLOSE  (48)

	TAG  shift 248
	.  error


state 246
	cells : cell .  (46)

	.  reduce 46


state 247
	row : OBJ_OPEN TAG ATT_SEPARATOR ROW COMMA CONTENT ATT_SEPARATOR ARRAY_OPEN cells . ARRAY_CLOSE OBJ_CLOSE  (45)
	cells : cells . COMMA cell  (47)

	COMMA  shift 249
	ARRAY_CLOSE  shift 250
	.  error


state 248
	cell : OBJ_OPEN TAG . ATT_SEPARATOR CELL COMMA CONTENT ATT_SEPARATOR ARRAY_OPEN pcdata ARRAY_CLOSE OBJ_CLOSE  (48)

	ATT_SEPARATOR  shift 251
	.  error


state 249
	cells : cells COMMA . cell  (47)

	OBJ_OPEN  shift 245
	.  error

	cell  goto 252


state 250
	row : OBJ_OPEN TAG ATT_SEPARATOR ROW COMMA CONTENT ATT_SEPARATOR ARRAY_OPEN cells ARRAY_CLOSE . OBJ_CLOSE  (45)

	OBJ_CLOSE  shift 253
	.  error


state 251
	cell : OBJ_OPEN TAG ATT_SEPARATOR . CELL COMMA CONTENT ATT_SEPARATOR ARRAY_OPEN pcdata ARRAY_CLOSE OBJ_CLOSE  (48)

	CELL  shift 254
	.  error


state 252
	cells : cells COMMA cell .  (47)

	.  reduce 47


state 253
	row : OBJ_OPEN TAG ATT_SEPARATOR ROW COMMA CONTENT ATT_SEPARATOR ARRAY_OPEN cells ARRAY_CLOSE OBJ_CLOSE .  (45)

	.  reduce 45


state 254
	cell : OBJ_OPEN TAG ATT_SEPARATOR CELL . COMMA CONTENT ATT_SEPARATOR ARRAY_OPEN pcdata ARRAY_CLOSE OBJ_CLOSE  (48)

	COMMA  shift 255
	.  error


state 255
	cell : OBJ_OPEN TAG ATT_SEPARATOR CELL COMMA . CONTENT ATT_SEPARATOR ARRAY_OPEN pcdata ARRAY_CLOSE OBJ_CLOSE  (48)

	CONTENT  shift 256
	.  error


state 256
	cell : OBJ_OPEN TAG ATT_SEPARATOR CELL COMMA CONTENT . ATT_SEPARATOR ARRAY_OPEN pcdata ARRAY_CLOSE OBJ_CLOSE  (48)

	ATT_SEPARATOR  shift 257
	.  error


state 257
	cell : OBJ_OPEN TAG ATT_SEPARATOR CELL COMMA CONTENT ATT_SEPARATOR . ARRAY_OPEN pcdata ARRAY_CLOSE OBJ_CLOSE  (48)

	ARRAY_OPEN  shift 258
	.  error


state 258
	cell : OBJ_OPEN TAG ATT_SEPARATOR CELL COMMA CONTENT ATT_SEPARATOR ARRAY_OPEN . pcdata ARRAY_CLOSE OBJ_CLOSE  (48)

	PCDATA  shift 59
	.  error

	pcdata  goto 259


state 259
	cell : OBJ_OPEN TAG ATT_SEPARATOR CELL COMMA CONTENT ATT_SEPARATOR ARRAY_OPEN pcdata . ARRAY_CLOSE OBJ_CLOSE  (48)

	ARRAY_CLOSE  shift 260
	.  error


state 260
	cell : OBJ_OPEN TAG ATT_SEPARATOR CELL COMMA CONTENT ATT_SEPARATOR ARRAY_OPEN pcdata ARRAY_CLOSE . OBJ_CLOSE  (48)

	OBJ_CLOSE  shift 261
	.  error


state 261
	cell : OBJ_OPEN TAG ATT_SEPARATOR CELL COMMA CONTENT ATT_SEPARATOR ARRAY_OPEN pcdata ARRAY_CLOSE OBJ_CLOSE .  (48)

	.  reduce 48


35 terminals, 36 nonterminals
56 grammar rules, 262 states
